This file contains any messages produced by compilers while
running configure, to aid debugging if configure makes a mistake.

It was created by Urals Core configure 1.0.0, which was
generated by GNU Autoconf 2.69.  Invocation command line was

  $ ./configure --with-gui=qt5 --enable-tests=no --no-create --no-recursion

## --------- ##
## Platform. ##
## --------- ##

hostname = matrix
uname -m = x86_64
uname -r = 4.10.0-33-generic
uname -s = Linux
uname -v = #37-Ubuntu SMP Fri Aug 11 10:55:28 UTC 2017

/usr/bin/uname -p = unknown
/bin/uname -X     = unknown

/bin/arch              = unknown
/usr/bin/arch -k       = unknown
/usr/convex/getsysinfo = unknown
/usr/bin/hostinfo      = unknown
/bin/machine           = unknown
/usr/bin/oslevel       = unknown
/bin/universe          = unknown

PATH: /usr/local/sbin
PATH: /usr/local/bin
PATH: /usr/sbin
PATH: /usr/bin
PATH: /sbin
PATH: /bin
PATH: /usr/games
PATH: /usr/local/games
PATH: /snap/bin


## ----------- ##
## Core tests. ##
## ----------- ##

configure:2745: checking build system type
configure:2759: result: x86_64-pc-linux-gnu
configure:2779: checking host system type
configure:2792: result: x86_64-pc-linux-gnu
configure:2933: checking for a BSD-compatible install
configure:3001: result: /usr/bin/install -c
configure:3012: checking whether build environment is sane
configure:3067: result: yes
configure:3218: checking for a thread-safe mkdir -p
configure:3257: result: /bin/mkdir -p
configure:3264: checking for gawk
configure:3294: result: no
configure:3264: checking for mawk
configure:3280: found /usr/bin/mawk
configure:3291: result: mawk
configure:3302: checking whether make sets $(MAKE)
configure:3324: result: yes
configure:3353: checking whether make supports nested variables
configure:3370: result: yes
configure:3489: checking whether to enable maintainer-specific portions of Makefiles
configure:3498: result: yes
configure:3523: checking whether make supports nested variables
configure:3540: result: yes
configure:3720: checking for g++
configure:3736: found /usr/bin/g++
configure:3747: result: g++
configure:3774: checking for C++ compiler version
configure:3783: g++ --version >&5
g++ (Ubuntu 6.3.0-12ubuntu2) 6.3.0 20170406
Copyright (C) 2016 Free Software Foundation, Inc.
This is free software; see the source for copying conditions.  There is NO
warranty; not even for MERCHANTABILITY or FITNESS FOR A PARTICULAR PURPOSE.

configure:3794: $? = 0
configure:3783: g++ -v >&5
Using built-in specs.
COLLECT_GCC=g++
COLLECT_LTO_WRAPPER=/usr/lib/gcc/x86_64-linux-gnu/6/lto-wrapper
Target: x86_64-linux-gnu
Configured with: ../src/configure -v --with-pkgversion='Ubuntu 6.3.0-12ubuntu2' --with-bugurl=file:///usr/share/doc/gcc-6/README.Bugs --enable-languages=c,ada,c++,java,go,d,fortran,objc,obj-c++ --prefix=/usr --program-suffix=-6 --program-prefix=x86_64-linux-gnu- --enable-shared --enable-linker-build-id --libexecdir=/usr/lib --without-included-gettext --enable-threads=posix --libdir=/usr/lib --enable-nls --with-sysroot=/ --enable-clocale=gnu --enable-libstdcxx-debug --enable-libstdcxx-time=yes --with-default-libstdcxx-abi=new --enable-gnu-unique-object --disable-vtable-verify --enable-libmpx --enable-plugin --enable-default-pie --with-system-zlib --disable-browser-plugin --enable-java-awt=gtk --enable-gtk-cairo --with-java-home=/usr/lib/jvm/java-1.5.0-gcj-6-amd64/jre --enable-java-home --with-jvm-root-dir=/usr/lib/jvm/java-1.5.0-gcj-6-amd64 --with-jvm-jar-dir=/usr/lib/jvm-exports/java-1.5.0-gcj-6-amd64 --with-arch-directory=amd64 --with-ecj-jar=/usr/share/java/eclipse-ecj.jar --with-target-system-zlib --enable-objc-gc=auto --enable-multiarch --disable-werror --with-arch-32=i686 --with-abi=m64 --with-multilib-list=m32,m64,mx32 --enable-multilib --with-tune=generic --enable-checking=release --build=x86_64-linux-gnu --host=x86_64-linux-gnu --target=x86_64-linux-gnu
Thread model: posix
gcc version 6.3.0 20170406 (Ubuntu 6.3.0-12ubuntu2) 
configure:3794: $? = 0
configure:3783: g++ -V >&5
g++: error: unrecognized command line option '-V'
g++: fatal error: no input files
compilation terminated.
configure:3794: $? = 1
configure:3783: g++ -qversion >&5
g++: error: unrecognized command line option '-qversion'; did you mean '--version'?
g++: fatal error: no input files
compilation terminated.
configure:3794: $? = 1
configure:3814: checking whether the C++ compiler works
configure:3836: g++    conftest.cpp  >&5
configure:3840: $? = 0
configure:3888: result: yes
configure:3891: checking for C++ compiler default output file name
configure:3893: result: a.out
configure:3899: checking for suffix of executables
configure:3906: g++ -o conftest    conftest.cpp  >&5
configure:3910: $? = 0
configure:3932: result: 
configure:3954: checking whether we are cross compiling
configure:3962: g++ -o conftest    conftest.cpp  >&5
configure:3966: $? = 0
configure:3973: ./conftest
configure:3977: $? = 0
configure:3992: result: no
configure:3997: checking for suffix of object files
configure:4019: g++ -c   conftest.cpp >&5
configure:4023: $? = 0
configure:4044: result: o
configure:4048: checking whether we are using the GNU C++ compiler
configure:4067: g++ -c   conftest.cpp >&5
configure:4067: $? = 0
configure:4076: result: yes
configure:4085: checking whether g++ accepts -g
configure:4105: g++ -c -g  conftest.cpp >&5
configure:4105: $? = 0
configure:4146: result: yes
configure:4180: checking for style of include used by make
configure:4208: result: GNU
configure:4234: checking dependency style of g++
configure:4345: result: gcc3
configure:4408: checking for gcc
configure:4424: found /usr/bin/gcc
configure:4435: result: gcc
configure:4664: checking for C compiler version
configure:4673: gcc --version >&5
gcc (Ubuntu 6.3.0-12ubuntu2) 6.3.0 20170406
Copyright (C) 2016 Free Software Foundation, Inc.
This is free software; see the source for copying conditions.  There is NO
warranty; not even for MERCHANTABILITY or FITNESS FOR A PARTICULAR PURPOSE.

configure:4684: $? = 0
configure:4673: gcc -v >&5
Using built-in specs.
COLLECT_GCC=gcc
COLLECT_LTO_WRAPPER=/usr/lib/gcc/x86_64-linux-gnu/6/lto-wrapper
Target: x86_64-linux-gnu
Configured with: ../src/configure -v --with-pkgversion='Ubuntu 6.3.0-12ubuntu2' --with-bugurl=file:///usr/share/doc/gcc-6/README.Bugs --enable-languages=c,ada,c++,java,go,d,fortran,objc,obj-c++ --prefix=/usr --program-suffix=-6 --program-prefix=x86_64-linux-gnu- --enable-shared --enable-linker-build-id --libexecdir=/usr/lib --without-included-gettext --enable-threads=posix --libdir=/usr/lib --enable-nls --with-sysroot=/ --enable-clocale=gnu --enable-libstdcxx-debug --enable-libstdcxx-time=yes --with-default-libstdcxx-abi=new --enable-gnu-unique-object --disable-vtable-verify --enable-libmpx --enable-plugin --enable-default-pie --with-system-zlib --disable-browser-plugin --enable-java-awt=gtk --enable-gtk-cairo --with-java-home=/usr/lib/jvm/java-1.5.0-gcj-6-amd64/jre --enable-java-home --with-jvm-root-dir=/usr/lib/jvm/java-1.5.0-gcj-6-amd64 --with-jvm-jar-dir=/usr/lib/jvm-exports/java-1.5.0-gcj-6-amd64 --with-arch-directory=amd64 --with-ecj-jar=/usr/share/java/eclipse-ecj.jar --with-target-system-zlib --enable-objc-gc=auto --enable-multiarch --disable-werror --with-arch-32=i686 --with-abi=m64 --with-multilib-list=m32,m64,mx32 --enable-multilib --with-tune=generic --enable-checking=release --build=x86_64-linux-gnu --host=x86_64-linux-gnu --target=x86_64-linux-gnu
Thread model: posix
gcc version 6.3.0 20170406 (Ubuntu 6.3.0-12ubuntu2) 
configure:4684: $? = 0
configure:4673: gcc -V >&5
gcc: error: unrecognized command line option '-V'
gcc: fatal error: no input files
compilation terminated.
configure:4684: $? = 1
configure:4673: gcc -qversion >&5
gcc: error: unrecognized command line option '-qversion'; did you mean '--version'?
gcc: fatal error: no input files
compilation terminated.
configure:4684: $? = 1
configure:4688: checking whether we are using the GNU C compiler
configure:4707: gcc -c   conftest.c >&5
configure:4707: $? = 0
configure:4716: result: yes
configure:4725: checking whether gcc accepts -g
configure:4745: gcc -c -g  conftest.c >&5
configure:4745: $? = 0
configure:4786: result: yes
configure:4803: checking for gcc option to accept ISO C89
configure:4866: gcc  -c -g -O2  conftest.c >&5
configure:4866: $? = 0
configure:4879: result: none needed
configure:4904: checking whether gcc understands -c and -o together
configure:4926: gcc -c conftest.c -o conftest2.o
configure:4929: $? = 0
configure:4926: gcc -c conftest.c -o conftest2.o
configure:4929: $? = 0
configure:4941: result: yes
configure:4960: checking dependency style of gcc
configure:5071: result: gcc3
configure:5091: checking how to run the C preprocessor
configure:5122: gcc -E  conftest.c
configure:5122: $? = 0
configure:5136: gcc -E  conftest.c
conftest.c:9:28: fatal error: ac_nonexistent.h: No such file or directory
 #include <ac_nonexistent.h>
                            ^
compilation terminated.
configure:5136: $? = 1
configure: failed program was:
| /* confdefs.h */
| #define PACKAGE_NAME "Urals Core"
| #define PACKAGE_TARNAME "urals"
| #define PACKAGE_VERSION "1.0.0"
| #define PACKAGE_STRING "Urals Core 1.0.0"
| #define PACKAGE_BUGREPORT "info@urals.info"
| #define PACKAGE_URL ""
| /* end confdefs.h.  */
| #include <ac_nonexistent.h>
configure:5161: result: gcc -E
configure:5181: gcc -E  conftest.c
configure:5181: $? = 0
configure:5195: gcc -E  conftest.c
conftest.c:9:28: fatal error: ac_nonexistent.h: No such file or directory
 #include <ac_nonexistent.h>
                            ^
compilation terminated.
configure:5195: $? = 1
configure: failed program was:
| /* confdefs.h */
| #define PACKAGE_NAME "Urals Core"
| #define PACKAGE_TARNAME "urals"
| #define PACKAGE_VERSION "1.0.0"
| #define PACKAGE_STRING "Urals Core 1.0.0"
| #define PACKAGE_BUGREPORT "info@urals.info"
| #define PACKAGE_URL ""
| /* end confdefs.h.  */
| #include <ac_nonexistent.h>
configure:5228: checking how to run the C++ preprocessor
configure:5255: g++ -E  conftest.cpp
configure:5255: $? = 0
configure:5269: g++ -E  conftest.cpp
conftest.cpp:9:28: fatal error: ac_nonexistent.h: No such file or directory
 #include <ac_nonexistent.h>
                            ^
compilation terminated.
configure:5269: $? = 1
configure: failed program was:
| /* confdefs.h */
| #define PACKAGE_NAME "Urals Core"
| #define PACKAGE_TARNAME "urals"
| #define PACKAGE_VERSION "1.0.0"
| #define PACKAGE_STRING "Urals Core 1.0.0"
| #define PACKAGE_BUGREPORT "info@urals.info"
| #define PACKAGE_URL ""
| /* end confdefs.h.  */
| #include <ac_nonexistent.h>
configure:5294: result: g++ -E
configure:5314: g++ -E  conftest.cpp
configure:5314: $? = 0
configure:5328: g++ -E  conftest.cpp
conftest.cpp:9:28: fatal error: ac_nonexistent.h: No such file or directory
 #include <ac_nonexistent.h>
                            ^
compilation terminated.
configure:5328: $? = 1
configure: failed program was:
| /* confdefs.h */
| #define PACKAGE_NAME "Urals Core"
| #define PACKAGE_TARNAME "urals"
| #define PACKAGE_VERSION "1.0.0"
| #define PACKAGE_STRING "Urals Core 1.0.0"
| #define PACKAGE_BUGREPORT "info@urals.info"
| #define PACKAGE_URL ""
| /* end confdefs.h.  */
| #include <ac_nonexistent.h>
configure:5411: checking for gcc
configure:5427: found /usr/bin/gcc
configure:5438: result: gcc
configure:5463: checking for Objective C compiler version
configure:5472: gcc --version >&5
gcc (Ubuntu 6.3.0-12ubuntu2) 6.3.0 20170406
Copyright (C) 2016 Free Software Foundation, Inc.
This is free software; see the source for copying conditions.  There is NO
warranty; not even for MERCHANTABILITY or FITNESS FOR A PARTICULAR PURPOSE.

configure:5483: $? = 0
configure:5472: gcc -v >&5
Using built-in specs.
COLLECT_GCC=gcc
COLLECT_LTO_WRAPPER=/usr/lib/gcc/x86_64-linux-gnu/6/lto-wrapper
Target: x86_64-linux-gnu
Configured with: ../src/configure -v --with-pkgversion='Ubuntu 6.3.0-12ubuntu2' --with-bugurl=file:///usr/share/doc/gcc-6/README.Bugs --enable-languages=c,ada,c++,java,go,d,fortran,objc,obj-c++ --prefix=/usr --program-suffix=-6 --program-prefix=x86_64-linux-gnu- --enable-shared --enable-linker-build-id --libexecdir=/usr/lib --without-included-gettext --enable-threads=posix --libdir=/usr/lib --enable-nls --with-sysroot=/ --enable-clocale=gnu --enable-libstdcxx-debug --enable-libstdcxx-time=yes --with-default-libstdcxx-abi=new --enable-gnu-unique-object --disable-vtable-verify --enable-libmpx --enable-plugin --enable-default-pie --with-system-zlib --disable-browser-plugin --enable-java-awt=gtk --enable-gtk-cairo --with-java-home=/usr/lib/jvm/java-1.5.0-gcj-6-amd64/jre --enable-java-home --with-jvm-root-dir=/usr/lib/jvm/java-1.5.0-gcj-6-amd64 --with-jvm-jar-dir=/usr/lib/jvm-exports/java-1.5.0-gcj-6-amd64 --with-arch-directory=amd64 --with-ecj-jar=/usr/share/java/eclipse-ecj.jar --with-target-system-zlib --enable-objc-gc=auto --enable-multiarch --disable-werror --with-arch-32=i686 --with-abi=m64 --with-multilib-list=m32,m64,mx32 --enable-multilib --with-tune=generic --enable-checking=release --build=x86_64-linux-gnu --host=x86_64-linux-gnu --target=x86_64-linux-gnu
Thread model: posix
gcc version 6.3.0 20170406 (Ubuntu 6.3.0-12ubuntu2) 
configure:5483: $? = 0
configure:5472: gcc -V >&5
gcc: error: unrecognized command line option '-V'
gcc: fatal error: no input files
compilation terminated.
configure:5483: $? = 1
configure:5472: gcc -qversion >&5
gcc: error: unrecognized command line option '-qversion'; did you mean '--version'?
gcc: fatal error: no input files
compilation terminated.
configure:5483: $? = 1
configure:5487: checking whether we are using the GNU Objective C compiler
configure:5506: gcc -c   conftest.m >&5
gcc: error trying to exec 'cc1obj': execvp: No such file or directory
configure:5506: $? = 1
configure: failed program was:
| /* confdefs.h */
| #define PACKAGE_NAME "Urals Core"
| #define PACKAGE_TARNAME "urals"
| #define PACKAGE_VERSION "1.0.0"
| #define PACKAGE_STRING "Urals Core 1.0.0"
| #define PACKAGE_BUGREPORT "info@urals.info"
| #define PACKAGE_URL ""
| /* end confdefs.h.  */
| 
| int
| main ()
| {
| #ifndef __GNUC__
|        choke me
| #endif
| 
|   ;
|   return 0;
| }
configure:5515: result: no
configure:5524: checking whether gcc accepts -g
configure:5544: gcc -c -g  conftest.m >&5
gcc: error trying to exec 'cc1obj': execvp: No such file or directory
configure:5544: $? = 1
configure: failed program was:
| /* confdefs.h */
| #define PACKAGE_NAME "Urals Core"
| #define PACKAGE_TARNAME "urals"
| #define PACKAGE_VERSION "1.0.0"
| #define PACKAGE_STRING "Urals Core 1.0.0"
| #define PACKAGE_BUGREPORT "info@urals.info"
| #define PACKAGE_URL ""
| /* end confdefs.h.  */
| 
| int
| main ()
| {
| 
|   ;
|   return 0;
| }
configure:5559: gcc -c   conftest.m >&5
gcc: error trying to exec 'cc1obj': execvp: No such file or directory
configure:5559: $? = 1
configure: failed program was:
| /* confdefs.h */
| #define PACKAGE_NAME "Urals Core"
| #define PACKAGE_TARNAME "urals"
| #define PACKAGE_VERSION "1.0.0"
| #define PACKAGE_STRING "Urals Core 1.0.0"
| #define PACKAGE_BUGREPORT "info@urals.info"
| #define PACKAGE_URL ""
| /* end confdefs.h.  */
| 
| int
| main ()
| {
| 
|   ;
|   return 0;
| }
configure:5575: gcc -c -g  conftest.m >&5
gcc: error trying to exec 'cc1obj': execvp: No such file or directory
configure:5575: $? = 1
configure: failed program was:
| /* confdefs.h */
| #define PACKAGE_NAME "Urals Core"
| #define PACKAGE_TARNAME "urals"
| #define PACKAGE_VERSION "1.0.0"
| #define PACKAGE_STRING "Urals Core 1.0.0"
| #define PACKAGE_BUGREPORT "info@urals.info"
| #define PACKAGE_URL ""
| /* end confdefs.h.  */
| 
| int
| main ()
| {
| 
|   ;
|   return 0;
| }
configure:5585: result: no
configure:5610: checking dependency style of gcc
configure:5719: result: gcc3
configure:5734: checking whether ln -s works
configure:5738: result: yes
configure:5799: checking for g++
configure:5815: found /usr/bin/g++
configure:5826: result: g++
configure:5851: checking for Objective C++ compiler version
configure:5860: g++ --version >&5
g++ (Ubuntu 6.3.0-12ubuntu2) 6.3.0 20170406
Copyright (C) 2016 Free Software Foundation, Inc.
This is free software; see the source for copying conditions.  There is NO
warranty; not even for MERCHANTABILITY or FITNESS FOR A PARTICULAR PURPOSE.

configure:5871: $? = 0
configure:5860: g++ -v >&5
Using built-in specs.
COLLECT_GCC=g++
COLLECT_LTO_WRAPPER=/usr/lib/gcc/x86_64-linux-gnu/6/lto-wrapper
Target: x86_64-linux-gnu
Configured with: ../src/configure -v --with-pkgversion='Ubuntu 6.3.0-12ubuntu2' --with-bugurl=file:///usr/share/doc/gcc-6/README.Bugs --enable-languages=c,ada,c++,java,go,d,fortran,objc,obj-c++ --prefix=/usr --program-suffix=-6 --program-prefix=x86_64-linux-gnu- --enable-shared --enable-linker-build-id --libexecdir=/usr/lib --without-included-gettext --enable-threads=posix --libdir=/usr/lib --enable-nls --with-sysroot=/ --enable-clocale=gnu --enable-libstdcxx-debug --enable-libstdcxx-time=yes --with-default-libstdcxx-abi=new --enable-gnu-unique-object --disable-vtable-verify --enable-libmpx --enable-plugin --enable-default-pie --with-system-zlib --disable-browser-plugin --enable-java-awt=gtk --enable-gtk-cairo --with-java-home=/usr/lib/jvm/java-1.5.0-gcj-6-amd64/jre --enable-java-home --with-jvm-root-dir=/usr/lib/jvm/java-1.5.0-gcj-6-amd64 --with-jvm-jar-dir=/usr/lib/jvm-exports/java-1.5.0-gcj-6-amd64 --with-arch-directory=amd64 --with-ecj-jar=/usr/share/java/eclipse-ecj.jar --with-target-system-zlib --enable-objc-gc=auto --enable-multiarch --disable-werror --with-arch-32=i686 --with-abi=m64 --with-multilib-list=m32,m64,mx32 --enable-multilib --with-tune=generic --enable-checking=release --build=x86_64-linux-gnu --host=x86_64-linux-gnu --target=x86_64-linux-gnu
Thread model: posix
gcc version 6.3.0 20170406 (Ubuntu 6.3.0-12ubuntu2) 
configure:5871: $? = 0
configure:5860: g++ -V >&5
g++: error: unrecognized command line option '-V'
g++: fatal error: no input files
compilation terminated.
configure:5871: $? = 1
configure:5860: g++ -qversion >&5
g++: error: unrecognized command line option '-qversion'; did you mean '--version'?
g++: fatal error: no input files
compilation terminated.
configure:5871: $? = 1
configure:5875: checking whether we are using the GNU Objective C++ compiler
configure:5894: g++ -c   conftest.mm >&5
g++: error trying to exec 'cc1objplus': execvp: No such file or directory
configure:5894: $? = 1
configure: failed program was:
| /* confdefs.h */
| #define PACKAGE_NAME "Urals Core"
| #define PACKAGE_TARNAME "urals"
| #define PACKAGE_VERSION "1.0.0"
| #define PACKAGE_STRING "Urals Core 1.0.0"
| #define PACKAGE_BUGREPORT "info@urals.info"
| #define PACKAGE_URL ""
| /* end confdefs.h.  */
| 
| int
| main ()
| {
| #ifndef __GNUC__
|        choke me
| #endif
| 
|   ;
|   return 0;
| }
configure:5903: result: no
configure:5912: checking whether g++ accepts -g
configure:5932: g++ -c -g  conftest.mm >&5
g++: error trying to exec 'cc1objplus': execvp: No such file or directory
configure:5932: $? = 1
configure: failed program was:
| /* confdefs.h */
| #define PACKAGE_NAME "Urals Core"
| #define PACKAGE_TARNAME "urals"
| #define PACKAGE_VERSION "1.0.0"
| #define PACKAGE_STRING "Urals Core 1.0.0"
| #define PACKAGE_BUGREPORT "info@urals.info"
| #define PACKAGE_URL ""
| /* end confdefs.h.  */
| 
| int
| main ()
| {
| 
|   ;
|   return 0;
| }
configure:5947: g++ -c   conftest.mm >&5
g++: error trying to exec 'cc1objplus': execvp: No such file or directory
configure:5947: $? = 1
configure: failed program was:
| /* confdefs.h */
| #define PACKAGE_NAME "Urals Core"
| #define PACKAGE_TARNAME "urals"
| #define PACKAGE_VERSION "1.0.0"
| #define PACKAGE_STRING "Urals Core 1.0.0"
| #define PACKAGE_BUGREPORT "info@urals.info"
| #define PACKAGE_URL ""
| /* end confdefs.h.  */
| 
| int
| main ()
| {
| 
|   ;
|   return 0;
| }
configure:5963: g++ -c -g  conftest.mm >&5
g++: error trying to exec 'cc1objplus': execvp: No such file or directory
configure:5963: $? = 1
configure: failed program was:
| /* confdefs.h */
| #define PACKAGE_NAME "Urals Core"
| #define PACKAGE_TARNAME "urals"
| #define PACKAGE_VERSION "1.0.0"
| #define PACKAGE_STRING "Urals Core 1.0.0"
| #define PACKAGE_BUGREPORT "info@urals.info"
| #define PACKAGE_URL ""
| /* end confdefs.h.  */
| 
| int
| main ()
| {
| 
|   ;
|   return 0;
| }
configure:5973: result: no
configure:5998: checking dependency style of g++
configure:6107: result: gcc3
configure:6123: checking for a sed that does not truncate output
configure:6187: result: /bin/sed
configure:6238: checking for ar
configure:6256: found /usr/bin/ar
configure:6268: result: /usr/bin/ar
configure:6336: checking for ranlib
configure:6354: found /usr/bin/ranlib
configure:6366: result: /usr/bin/ranlib
configure:6434: checking for strip
configure:6452: found /usr/bin/strip
configure:6464: result: /usr/bin/strip
configure:6532: checking for gcov
configure:6550: found /usr/bin/gcov
configure:6562: result: /usr/bin/gcov
configure:6586: checking for lcov
configure:6619: result: no
configure:6626: checking for java
configure:6644: found /usr/bin/java
configure:6656: result: /usr/bin/java
configure:6666: checking for genhtml
configure:6699: result: no
configure:6706: checking for git
configure:6724: found /usr/bin/git
configure:6736: result: /usr/bin/git
configure:6746: checking for ccache
configure:6779: result: no
configure:6786: checking for xgettext
configure:6804: found /usr/bin/xgettext
configure:6816: result: /usr/bin/xgettext
configure:6826: checking for hexdump
configure:6844: found /usr/bin/hexdump
configure:6856: result: /usr/bin/hexdump
configure:6918: checking for pkg-config
configure:6936: found /usr/bin/pkg-config
configure:6948: result: /usr/bin/pkg-config
configure:6973: checking pkg-config is at least version 0.9.0
configure:6976: result: yes
configure:8506: checking for grep that handles long lines and -e
configure:8564: result: /bin/grep
configure:8569: checking for egrep
configure:8631: result: /bin/grep -E
configure:8636: checking for ANSI C header files
configure:8656: g++ -c -g -O2 -Wall -Wextra -Wformat -Wformat-security -Wno-unused-parameter  -DBOOST_SPIRIT_THREADSAFE -DHAVE_BUILD_INFO -D__STDC_FORMAT_MACROS conftest.cpp >&5
configure:8656: $? = 0
configure:8729: g++ -o conftest -g -O2 -Wall -Wextra -Wformat -Wformat-security -Wno-unused-parameter  -DBOOST_SPIRIT_THREADSAFE -DHAVE_BUILD_INFO -D__STDC_FORMAT_MACROS  conftest.cpp  >&5
configure:8729: $? = 0
configure:8729: ./conftest
configure:8729: $? = 0
configure:8740: result: yes
configure:8753: checking for sys/types.h
configure:8753: g++ -c -g -O2 -Wall -Wextra -Wformat -Wformat-security -Wno-unused-parameter  -DBOOST_SPIRIT_THREADSAFE -DHAVE_BUILD_INFO -D__STDC_FORMAT_MACROS conftest.cpp >&5
configure:8753: $? = 0
configure:8753: result: yes
configure:8753: checking for sys/stat.h
configure:8753: g++ -c -g -O2 -Wall -Wextra -Wformat -Wformat-security -Wno-unused-parameter  -DBOOST_SPIRIT_THREADSAFE -DHAVE_BUILD_INFO -D__STDC_FORMAT_MACROS conftest.cpp >&5
configure:8753: $? = 0
configure:8753: result: yes
configure:8753: checking for stdlib.h
configure:8753: g++ -c -g -O2 -Wall -Wextra -Wformat -Wformat-security -Wno-unused-parameter  -DBOOST_SPIRIT_THREADSAFE -DHAVE_BUILD_INFO -D__STDC_FORMAT_MACROS conftest.cpp >&5
configure:8753: $? = 0
configure:8753: result: yes
configure:8753: checking for string.h
configure:8753: g++ -c -g -O2 -Wall -Wextra -Wformat -Wformat-security -Wno-unused-parameter  -DBOOST_SPIRIT_THREADSAFE -DHAVE_BUILD_INFO -D__STDC_FORMAT_MACROS conftest.cpp >&5
configure:8753: $? = 0
configure:8753: result: yes
configure:8753: checking for memory.h
configure:8753: g++ -c -g -O2 -Wall -Wextra -Wformat -Wformat-security -Wno-unused-parameter  -DBOOST_SPIRIT_THREADSAFE -DHAVE_BUILD_INFO -D__STDC_FORMAT_MACROS conftest.cpp >&5
configure:8753: $? = 0
configure:8753: result: yes
configure:8753: checking for strings.h
configure:8753: g++ -c -g -O2 -Wall -Wextra -Wformat -Wformat-security -Wno-unused-parameter  -DBOOST_SPIRIT_THREADSAFE -DHAVE_BUILD_INFO -D__STDC_FORMAT_MACROS conftest.cpp >&5
configure:8753: $? = 0
configure:8753: result: yes
configure:8753: checking for inttypes.h
configure:8753: g++ -c -g -O2 -Wall -Wextra -Wformat -Wformat-security -Wno-unused-parameter  -DBOOST_SPIRIT_THREADSAFE -DHAVE_BUILD_INFO -D__STDC_FORMAT_MACROS conftest.cpp >&5
configure:8753: $? = 0
configure:8753: result: yes
configure:8753: checking for stdint.h
configure:8753: g++ -c -g -O2 -Wall -Wextra -Wformat -Wformat-security -Wno-unused-parameter  -DBOOST_SPIRIT_THREADSAFE -DHAVE_BUILD_INFO -D__STDC_FORMAT_MACROS conftest.cpp >&5
configure:8753: $? = 0
configure:8753: result: yes
configure:8753: checking for unistd.h
configure:8753: g++ -c -g -O2 -Wall -Wextra -Wformat -Wformat-security -Wno-unused-parameter  -DBOOST_SPIRIT_THREADSAFE -DHAVE_BUILD_INFO -D__STDC_FORMAT_MACROS conftest.cpp >&5
configure:8753: $? = 0
configure:8753: result: yes
configure:8765: checking whether byte ordering is bigendian
configure:8780: g++ -c -g -O2 -Wall -Wextra -Wformat -Wformat-security -Wno-unused-parameter  -DBOOST_SPIRIT_THREADSAFE -DHAVE_BUILD_INFO -D__STDC_FORMAT_MACROS conftest.cpp >&5
conftest.cpp:20:9: error: expected unqualified-id before 'not' token
         not a universal capable compiler
         ^~~
configure:8780: $? = 1
configure: failed program was:
| /* confdefs.h */
| #define PACKAGE_NAME "Urals Core"
| #define PACKAGE_TARNAME "urals"
| #define PACKAGE_VERSION "1.0.0"
| #define PACKAGE_STRING "Urals Core 1.0.0"
| #define PACKAGE_BUGREPORT "info@urals.info"
| #define PACKAGE_URL ""
| #define STDC_HEADERS 1
| #define HAVE_SYS_TYPES_H 1
| #define HAVE_SYS_STAT_H 1
| #define HAVE_STDLIB_H 1
| #define HAVE_STRING_H 1
| #define HAVE_MEMORY_H 1
| #define HAVE_STRINGS_H 1
| #define HAVE_INTTYPES_H 1
| #define HAVE_STDINT_H 1
| #define HAVE_UNISTD_H 1
| /* end confdefs.h.  */
| #ifndef __APPLE_CC__
| 	       not a universal capable compiler
| 	     #endif
| 	     typedef int dummy;
| 
configure:8825: g++ -c -g -O2 -Wall -Wextra -Wformat -Wformat-security -Wno-unused-parameter  -DBOOST_SPIRIT_THREADSAFE -DHAVE_BUILD_INFO -D__STDC_FORMAT_MACROS conftest.cpp >&5
configure:8825: $? = 0
configure:8843: g++ -c -g -O2 -Wall -Wextra -Wformat -Wformat-security -Wno-unused-parameter  -DBOOST_SPIRIT_THREADSAFE -DHAVE_BUILD_INFO -D__STDC_FORMAT_MACROS conftest.cpp >&5
conftest.cpp: In function 'int main()':
conftest.cpp:26:8: error: 'big' was not declared in this scope
    not big endian
        ^~~
configure:8843: $? = 1
configure: failed program was:
| /* confdefs.h */
| #define PACKAGE_NAME "Urals Core"
| #define PACKAGE_TARNAME "urals"
| #define PACKAGE_VERSION "1.0.0"
| #define PACKAGE_STRING "Urals Core 1.0.0"
| #define PACKAGE_BUGREPORT "info@urals.info"
| #define PACKAGE_URL ""
| #define STDC_HEADERS 1
| #define HAVE_SYS_TYPES_H 1
| #define HAVE_SYS_STAT_H 1
| #define HAVE_STDLIB_H 1
| #define HAVE_STRING_H 1
| #define HAVE_MEMORY_H 1
| #define HAVE_STRINGS_H 1
| #define HAVE_INTTYPES_H 1
| #define HAVE_STDINT_H 1
| #define HAVE_UNISTD_H 1
| /* end confdefs.h.  */
| #include <sys/types.h>
| 		#include <sys/param.h>
| 
| int
| main ()
| {
| #if BYTE_ORDER != BIG_ENDIAN
| 		 not big endian
| 		#endif
| 
|   ;
|   return 0;
| }
configure:8971: result: no
configure:9102: checking if compiler needs -Werror to reject unknown flags
configure:9118: gcc -c -g -O2 -Werror -Wunknown-warning-option -Wsizeof-array-argument  -DBOOST_SPIRIT_THREADSAFE -DHAVE_BUILD_INFO -D__STDC_FORMAT_MACROS conftest.c >&5
gcc: error: unrecognized command line option '-Wunknown-warning-option'; did you mean '-Wno-warning-token'?
configure:9118: $? = 1
configure: failed program was:
| /* confdefs.h */
| #define PACKAGE_NAME "Urals Core"
| #define PACKAGE_TARNAME "urals"
| #define PACKAGE_VERSION "1.0.0"
| #define PACKAGE_STRING "Urals Core 1.0.0"
| #define PACKAGE_BUGREPORT "info@urals.info"
| #define PACKAGE_URL ""
| #define STDC_HEADERS 1
| #define HAVE_SYS_TYPES_H 1
| #define HAVE_SYS_STAT_H 1
| #define HAVE_STDLIB_H 1
| #define HAVE_STRING_H 1
| #define HAVE_MEMORY_H 1
| #define HAVE_STRINGS_H 1
| #define HAVE_INTTYPES_H 1
| #define HAVE_STDINT_H 1
| #define HAVE_UNISTD_H 1
| /* end confdefs.h.  */
| int foo(void);
| int
| main ()
| {
| foo()
|   ;
|   return 0;
| }
configure:9123: result: no
configure:9189: checking for the pthreads library -lpthreads
configure:9227: gcc -o conftest -g -O2    -DBOOST_SPIRIT_THREADSAFE -DHAVE_BUILD_INFO -D__STDC_FORMAT_MACROS  conftest.c -lpthreads  >&5
/usr/bin/ld: cannot find -lpthreads
collect2: error: ld returned 1 exit status
configure:9227: $? = 1
configure: failed program was:
| /* confdefs.h */
| #define PACKAGE_NAME "Urals Core"
| #define PACKAGE_TARNAME "urals"
| #define PACKAGE_VERSION "1.0.0"
| #define PACKAGE_STRING "Urals Core 1.0.0"
| #define PACKAGE_BUGREPORT "info@urals.info"
| #define PACKAGE_URL ""
| #define STDC_HEADERS 1
| #define HAVE_SYS_TYPES_H 1
| #define HAVE_SYS_STAT_H 1
| #define HAVE_STDLIB_H 1
| #define HAVE_STRING_H 1
| #define HAVE_MEMORY_H 1
| #define HAVE_STRINGS_H 1
| #define HAVE_INTTYPES_H 1
| #define HAVE_STDINT_H 1
| #define HAVE_UNISTD_H 1
| /* end confdefs.h.  */
| #include <pthread.h>
|                         static void routine(void *a) { a = 0; }
|                         static void *start_routine(void *a) { return a; }
| int
| main ()
| {
| pthread_t th; pthread_attr_t attr;
|                         pthread_create(&th, 0, start_routine, 0);
|                         pthread_join(th, 0);
|                         pthread_attr_init(&attr);
|                         pthread_cleanup_push(routine, 0);
|                         pthread_cleanup_pop(0) /* ; */
|   ;
|   return 0;
| }
configure:9236: result: no
configure:9134: checking whether pthreads work without any flags
configure:9227: gcc -o conftest -g -O2    -DBOOST_SPIRIT_THREADSAFE -DHAVE_BUILD_INFO -D__STDC_FORMAT_MACROS  conftest.c   >&5
/tmp/ccRclPs9.o: In function `main':
/home/wizard/UralsCoin/conftest.c:26: undefined reference to `pthread_create'
/home/wizard/UralsCoin/conftest.c:27: undefined reference to `pthread_join'
/home/wizard/UralsCoin/conftest.c:29: undefined reference to `__pthread_register_cancel'
/home/wizard/UralsCoin/conftest.c:30: undefined reference to `__pthread_unregister_cancel'
collect2: error: ld returned 1 exit status
configure:9227: $? = 1
configure: failed program was:
| /* confdefs.h */
| #define PACKAGE_NAME "Urals Core"
| #define PACKAGE_TARNAME "urals"
| #define PACKAGE_VERSION "1.0.0"
| #define PACKAGE_STRING "Urals Core 1.0.0"
| #define PACKAGE_BUGREPORT "info@urals.info"
| #define PACKAGE_URL ""
| #define STDC_HEADERS 1
| #define HAVE_SYS_TYPES_H 1
| #define HAVE_SYS_STAT_H 1
| #define HAVE_STDLIB_H 1
| #define HAVE_STRING_H 1
| #define HAVE_MEMORY_H 1
| #define HAVE_STRINGS_H 1
| #define HAVE_INTTYPES_H 1
| #define HAVE_STDINT_H 1
| #define HAVE_UNISTD_H 1
| /* end confdefs.h.  */
| #include <pthread.h>
|                         static void routine(void *a) { a = 0; }
|                         static void *start_routine(void *a) { return a; }
| int
| main ()
| {
| pthread_t th; pthread_attr_t attr;
|                         pthread_create(&th, 0, start_routine, 0);
|                         pthread_join(th, 0);
|                         pthread_attr_init(&attr);
|                         pthread_cleanup_push(routine, 0);
|                         pthread_cleanup_pop(0) /* ; */
|   ;
|   return 0;
| }
configure:9236: result: no
configure:9139: checking whether pthreads work with -Kthread
configure:9227: gcc -o conftest -g -O2 -Kthread   -DBOOST_SPIRIT_THREADSAFE -DHAVE_BUILD_INFO -D__STDC_FORMAT_MACROS  conftest.c   >&5
gcc: error: unrecognized command line option '-Kthread'; did you mean '-pthread'?
configure:9227: $? = 1
configure: failed program was:
| /* confdefs.h */
| #define PACKAGE_NAME "Urals Core"
| #define PACKAGE_TARNAME "urals"
| #define PACKAGE_VERSION "1.0.0"
| #define PACKAGE_STRING "Urals Core 1.0.0"
| #define PACKAGE_BUGREPORT "info@urals.info"
| #define PACKAGE_URL ""
| #define STDC_HEADERS 1
| #define HAVE_SYS_TYPES_H 1
| #define HAVE_SYS_STAT_H 1
| #define HAVE_STDLIB_H 1
| #define HAVE_STRING_H 1
| #define HAVE_MEMORY_H 1
| #define HAVE_STRINGS_H 1
| #define HAVE_INTTYPES_H 1
| #define HAVE_STDINT_H 1
| #define HAVE_UNISTD_H 1
| /* end confdefs.h.  */
| #include <pthread.h>
|                         static void routine(void *a) { a = 0; }
|                         static void *start_routine(void *a) { return a; }
| int
| main ()
| {
| pthread_t th; pthread_attr_t attr;
|                         pthread_create(&th, 0, start_routine, 0);
|                         pthread_join(th, 0);
|                         pthread_attr_init(&attr);
|                         pthread_cleanup_push(routine, 0);
|                         pthread_cleanup_pop(0) /* ; */
|   ;
|   return 0;
| }
configure:9236: result: no
configure:9139: checking whether pthreads work with -kthread
configure:9227: gcc -o conftest -g -O2 -kthread   -DBOOST_SPIRIT_THREADSAFE -DHAVE_BUILD_INFO -D__STDC_FORMAT_MACROS  conftest.c   >&5
gcc: error: unrecognized command line option '-kthread'; did you mean '-pthread'?
configure:9227: $? = 1
configure: failed program was:
| /* confdefs.h */
| #define PACKAGE_NAME "Urals Core"
| #define PACKAGE_TARNAME "urals"
| #define PACKAGE_VERSION "1.0.0"
| #define PACKAGE_STRING "Urals Core 1.0.0"
| #define PACKAGE_BUGREPORT "info@urals.info"
| #define PACKAGE_URL ""
| #define STDC_HEADERS 1
| #define HAVE_SYS_TYPES_H 1
| #define HAVE_SYS_STAT_H 1
| #define HAVE_STDLIB_H 1
| #define HAVE_STRING_H 1
| #define HAVE_MEMORY_H 1
| #define HAVE_STRINGS_H 1
| #define HAVE_INTTYPES_H 1
| #define HAVE_STDINT_H 1
| #define HAVE_UNISTD_H 1
| /* end confdefs.h.  */
| #include <pthread.h>
|                         static void routine(void *a) { a = 0; }
|                         static void *start_routine(void *a) { return a; }
| int
| main ()
| {
| pthread_t th; pthread_attr_t attr;
|                         pthread_create(&th, 0, start_routine, 0);
|                         pthread_join(th, 0);
|                         pthread_attr_init(&attr);
|                         pthread_cleanup_push(routine, 0);
|                         pthread_cleanup_pop(0) /* ; */
|   ;
|   return 0;
| }
configure:9236: result: no
configure:9189: checking for the pthreads library -llthread
configure:9227: gcc -o conftest -g -O2    -DBOOST_SPIRIT_THREADSAFE -DHAVE_BUILD_INFO -D__STDC_FORMAT_MACROS  conftest.c -llthread  >&5
/usr/bin/ld: cannot find -llthread
collect2: error: ld returned 1 exit status
configure:9227: $? = 1
configure: failed program was:
| /* confdefs.h */
| #define PACKAGE_NAME "Urals Core"
| #define PACKAGE_TARNAME "urals"
| #define PACKAGE_VERSION "1.0.0"
| #define PACKAGE_STRING "Urals Core 1.0.0"
| #define PACKAGE_BUGREPORT "info@urals.info"
| #define PACKAGE_URL ""
| #define STDC_HEADERS 1
| #define HAVE_SYS_TYPES_H 1
| #define HAVE_SYS_STAT_H 1
| #define HAVE_STDLIB_H 1
| #define HAVE_STRING_H 1
| #define HAVE_MEMORY_H 1
| #define HAVE_STRINGS_H 1
| #define HAVE_INTTYPES_H 1
| #define HAVE_STDINT_H 1
| #define HAVE_UNISTD_H 1
| /* end confdefs.h.  */
| #include <pthread.h>
|                         static void routine(void *a) { a = 0; }
|                         static void *start_routine(void *a) { return a; }
| int
| main ()
| {
| pthread_t th; pthread_attr_t attr;
|                         pthread_create(&th, 0, start_routine, 0);
|                         pthread_join(th, 0);
|                         pthread_attr_init(&attr);
|                         pthread_cleanup_push(routine, 0);
|                         pthread_cleanup_pop(0) /* ; */
|   ;
|   return 0;
| }
configure:9236: result: no
configure:9139: checking whether pthreads work with -pthread
configure:9227: gcc -o conftest -g -O2 -pthread   -DBOOST_SPIRIT_THREADSAFE -DHAVE_BUILD_INFO -D__STDC_FORMAT_MACROS  conftest.c   >&5
configure:9227: $? = 0
configure:9236: result: yes
configure:9255: checking for joinable pthread attribute
configure:9270: gcc -o conftest -g -O2 -pthread  -DBOOST_SPIRIT_THREADSAFE -DHAVE_BUILD_INFO -D__STDC_FORMAT_MACROS  conftest.c   >&5
configure:9270: $? = 0
configure:9276: result: PTHREAD_CREATE_JOINABLE
configure:9286: checking if more special flags are required for pthreads
configure:9301: result: no
configure:9307: checking for PTHREAD_PRIO_INHERIT
configure:9324: gcc -o conftest -g -O2 -pthread  -DBOOST_SPIRIT_THREADSAFE -DHAVE_BUILD_INFO -D__STDC_FORMAT_MACROS  conftest.c   >&5
configure:9324: $? = 0
configure:9333: result: yes
configure:9444: checking for special C compiler options needed for large files
configure:9489: result: no
configure:9495: checking for _FILE_OFFSET_BITS value needed for large files
configure:9520: g++ -c -g -O2 -Wall -Wextra -Wformat -Wformat-security -Wno-unused-parameter  -DBOOST_SPIRIT_THREADSAFE -DHAVE_BUILD_INFO -D__STDC_FORMAT_MACROS conftest.cpp >&5
configure:9520: $? = 0
configure:9552: result: no
configure:9638: checking whether strerror_r is declared
configure:9638: g++ -c -g -O2 -Wall -Wextra -Wformat -Wformat-security -Wno-unused-parameter  -DBOOST_SPIRIT_THREADSAFE -DHAVE_BUILD_INFO -D__STDC_FORMAT_MACROS conftest.cpp >&5
configure:9638: $? = 0
configure:9638: result: yes
configure:9651: checking for strerror_r
configure:9651: g++ -o conftest -g -O2 -Wall -Wextra -Wformat -Wformat-security -Wno-unused-parameter  -DBOOST_SPIRIT_THREADSAFE -DHAVE_BUILD_INFO -D__STDC_FORMAT_MACROS  conftest.cpp  >&5
configure:9651: $? = 0
configure:9651: result: yes
configure:9660: checking whether strerror_r returns char *
configure:9684: g++ -c -g -O2 -Wall -Wextra -Wformat -Wformat-security -Wno-unused-parameter  -DBOOST_SPIRIT_THREADSAFE -DHAVE_BUILD_INFO -D__STDC_FORMAT_MACROS conftest.cpp >&5
configure:9684: $? = 0
configure:9722: result: yes
configure:9743: checking whether the linker accepts -Wl,--large-address-aware
configure:9762: g++ -o conftest -g -O2 -Wall -Wextra -Wformat -Wformat-security -Wno-unused-parameter  -DBOOST_SPIRIT_THREADSAFE -DHAVE_BUILD_INFO -D__STDC_FORMAT_MACROS   -Wl,--large-address-aware conftest.cpp  >&5
/usr/bin/ld: unrecognized option '--large-address-aware'
/usr/bin/ld: use the --help option for usage information
collect2: error: ld returned 1 exit status
configure:9762: $? = 1
configure: failed program was:
| /* confdefs.h */
| #define PACKAGE_NAME "Urals Core"
| #define PACKAGE_TARNAME "urals"
| #define PACKAGE_VERSION "1.0.0"
| #define PACKAGE_STRING "Urals Core 1.0.0"
| #define PACKAGE_BUGREPORT "info@urals.info"
| #define PACKAGE_URL ""
| #define STDC_HEADERS 1
| #define HAVE_SYS_TYPES_H 1
| #define HAVE_SYS_STAT_H 1
| #define HAVE_STDLIB_H 1
| #define HAVE_STRING_H 1
| #define HAVE_MEMORY_H 1
| #define HAVE_STRINGS_H 1
| #define HAVE_INTTYPES_H 1
| #define HAVE_STDINT_H 1
| #define HAVE_UNISTD_H 1
| #define HAVE_PTHREAD_PRIO_INHERIT 1
| #define HAVE_PTHREAD 1
| #define HAVE_DECL_STRERROR_R 1
| #define HAVE_STRERROR_R 1
| #define STRERROR_R_CHAR_P 1
| /* end confdefs.h.  */
| 
| int
| main ()
| {
| 
|   ;
|   return 0;
| }
configure:9771: result: no
configure:9819: checking whether C++ compiler accepts -Wstack-protector
configure:9838: g++ -c -g -O2 -Wall -Wextra -Wformat -Wformat-security -Wno-unused-parameter  -Wstack-protector  -DBOOST_SPIRIT_THREADSAFE -DHAVE_BUILD_INFO -D__STDC_FORMAT_MACROS conftest.cpp >&5
configure:9838: $? = 0
configure:9846: result: yes
configure:9854: checking whether C++ compiler accepts -fstack-protector-all
configure:9873: g++ -c -g -O2 -Wall -Wextra -Wformat -Wformat-security -Wno-unused-parameter  -fstack-protector-all  -DBOOST_SPIRIT_THREADSAFE -DHAVE_BUILD_INFO -D__STDC_FORMAT_MACROS conftest.cpp >&5
configure:9873: $? = 0
configure:9881: result: yes
configure:9890: checking whether C++ preprocessor accepts -D_FORTIFY_SOURCE=2
configure:9909: g++ -E  -DBOOST_SPIRIT_THREADSAFE -DHAVE_BUILD_INFO -D__STDC_FORMAT_MACROS  -D_FORTIFY_SOURCE=2 conftest.cpp
configure:9909: $? = 0
configure:9917: result: yes
configure:9921: checking whether C++ preprocessor accepts -U_FORTIFY_SOURCE
configure:9940: g++ -E  -DBOOST_SPIRIT_THREADSAFE -DHAVE_BUILD_INFO -D__STDC_FORMAT_MACROS  -U_FORTIFY_SOURCE conftest.cpp
configure:9940: $? = 0
configure:9948: result: yes
configure:9965: checking whether the linker accepts -Wl,--dynamicbase
configure:9984: g++ -o conftest -g -O2 -Wall -Wextra -Wformat -Wformat-security -Wno-unused-parameter  -DBOOST_SPIRIT_THREADSAFE -DHAVE_BUILD_INFO -D__STDC_FORMAT_MACROS   -Wl,--dynamicbase conftest.cpp  >&5
/usr/bin/ld: unrecognized option '--dynamicbase'
/usr/bin/ld: use the --help option for usage information
collect2: error: ld returned 1 exit status
configure:9984: $? = 1
configure: failed program was:
| /* confdefs.h */
| #define PACKAGE_NAME "Urals Core"
| #define PACKAGE_TARNAME "urals"
| #define PACKAGE_VERSION "1.0.0"
| #define PACKAGE_STRING "Urals Core 1.0.0"
| #define PACKAGE_BUGREPORT "info@urals.info"
| #define PACKAGE_URL ""
| #define STDC_HEADERS 1
| #define HAVE_SYS_TYPES_H 1
| #define HAVE_SYS_STAT_H 1
| #define HAVE_STDLIB_H 1
| #define HAVE_STRING_H 1
| #define HAVE_MEMORY_H 1
| #define HAVE_STRINGS_H 1
| #define HAVE_INTTYPES_H 1
| #define HAVE_STDINT_H 1
| #define HAVE_UNISTD_H 1
| #define HAVE_PTHREAD_PRIO_INHERIT 1
| #define HAVE_PTHREAD 1
| #define HAVE_DECL_STRERROR_R 1
| #define HAVE_STRERROR_R 1
| #define STRERROR_R_CHAR_P 1
| /* end confdefs.h.  */
| 
| int
| main ()
| {
| 
|   ;
|   return 0;
| }
configure:9993: result: no
configure:10001: checking whether the linker accepts -Wl,--nxcompat
configure:10020: g++ -o conftest -g -O2 -Wall -Wextra -Wformat -Wformat-security -Wno-unused-parameter  -DBOOST_SPIRIT_THREADSAFE -DHAVE_BUILD_INFO -D__STDC_FORMAT_MACROS   -Wl,--nxcompat conftest.cpp  >&5
/usr/bin/ld: unrecognized option '--nxcompat'
/usr/bin/ld: use the --help option for usage information
collect2: error: ld returned 1 exit status
configure:10020: $? = 1
configure: failed program was:
| /* confdefs.h */
| #define PACKAGE_NAME "Urals Core"
| #define PACKAGE_TARNAME "urals"
| #define PACKAGE_VERSION "1.0.0"
| #define PACKAGE_STRING "Urals Core 1.0.0"
| #define PACKAGE_BUGREPORT "info@urals.info"
| #define PACKAGE_URL ""
| #define STDC_HEADERS 1
| #define HAVE_SYS_TYPES_H 1
| #define HAVE_SYS_STAT_H 1
| #define HAVE_STDLIB_H 1
| #define HAVE_STRING_H 1
| #define HAVE_MEMORY_H 1
| #define HAVE_STRINGS_H 1
| #define HAVE_INTTYPES_H 1
| #define HAVE_STDINT_H 1
| #define HAVE_UNISTD_H 1
| #define HAVE_PTHREAD_PRIO_INHERIT 1
| #define HAVE_PTHREAD 1
| #define HAVE_DECL_STRERROR_R 1
| #define HAVE_STRERROR_R 1
| #define STRERROR_R_CHAR_P 1
| /* end confdefs.h.  */
| 
| int
| main ()
| {
| 
|   ;
|   return 0;
| }
configure:10029: result: no
configure:10037: checking whether the linker accepts -Wl,-z,relro
configure:10056: g++ -o conftest -g -O2 -Wall -Wextra -Wformat -Wformat-security -Wno-unused-parameter  -DBOOST_SPIRIT_THREADSAFE -DHAVE_BUILD_INFO -D__STDC_FORMAT_MACROS   -Wl,-z,relro conftest.cpp  >&5
configure:10056: $? = 0
configure:10065: result: yes
configure:10073: checking whether the linker accepts -Wl,-z,now
configure:10092: g++ -o conftest -g -O2 -Wall -Wextra -Wformat -Wformat-security -Wno-unused-parameter  -DBOOST_SPIRIT_THREADSAFE -DHAVE_BUILD_INFO -D__STDC_FORMAT_MACROS   -Wl,-z,now conftest.cpp  >&5
configure:10092: $? = 0
configure:10101: result: yes
configure:10159: checking stdio.h usability
configure:10159: g++ -c -g -O2 -Wall -Wextra -Wformat -Wformat-security -Wno-unused-parameter  -Wstack-protector -fstack-protector-all  -DBOOST_SPIRIT_THREADSAFE -DHAVE_BUILD_INFO -D__STDC_FORMAT_MACROS  -U_FORTIFY_SOURCE -D_FORTIFY_SOURCE=2 conftest.cpp >&5
configure:10159: $? = 0
configure:10159: result: yes
configure:10159: checking stdio.h presence
configure:10159: g++ -E  -DBOOST_SPIRIT_THREADSAFE -DHAVE_BUILD_INFO -D__STDC_FORMAT_MACROS  -U_FORTIFY_SOURCE -D_FORTIFY_SOURCE=2 conftest.cpp
configure:10159: $? = 0
configure:10159: result: yes
configure:10159: checking for stdio.h
configure:10159: result: yes
configure:10159: checking for stdlib.h
configure:10159: result: yes
configure:10159: checking for unistd.h
configure:10159: result: yes
configure:10159: checking for strings.h
configure:10159: result: yes
configure:10159: checking for sys/types.h
configure:10159: result: yes
configure:10159: checking for sys/stat.h
configure:10159: result: yes
configure:10170: checking for MSG_NOSIGNAL
configure:10183: g++ -c -g -O2 -Wall -Wextra -Wformat -Wformat-security -Wno-unused-parameter  -Wstack-protector -fstack-protector-all  -DBOOST_SPIRIT_THREADSAFE -DHAVE_BUILD_INFO -D__STDC_FORMAT_MACROS  -U_FORTIFY_SOURCE -D_FORTIFY_SOURCE=2 conftest.cpp >&5
conftest.cpp: In function 'int main()':
conftest.cpp:34:6: warning: unused variable 'f' [-Wunused-variable]
  int f = MSG_NOSIGNAL;
      ^
configure:10183: $? = 0
configure:10184: result: yes
configure:10212: checking for Berkeley DB C++ headers
configure:10243: g++ -c -g -O2 -Wall -Wextra -Wformat -Wformat-security -Wno-unused-parameter  -Wstack-protector -fstack-protector-all  -DBOOST_SPIRIT_THREADSAFE -DHAVE_BUILD_INFO -D__STDC_FORMAT_MACROS  -U_FORTIFY_SOURCE -D_FORTIFY_SOURCE=2 conftest.cpp >&5
conftest.cpp:32:33: fatal error: bdb4.8/db_cxx.h: No such file or directory
       #include <bdb4.8/db_cxx.h>
                                 ^
compilation terminated.
configure:10243: $? = 1
configure: failed program was:
| /* confdefs.h */
| #define PACKAGE_NAME "Urals Core"
| #define PACKAGE_TARNAME "urals"
| #define PACKAGE_VERSION "1.0.0"
| #define PACKAGE_STRING "Urals Core 1.0.0"
| #define PACKAGE_BUGREPORT "info@urals.info"
| #define PACKAGE_URL ""
| #define STDC_HEADERS 1
| #define HAVE_SYS_TYPES_H 1
| #define HAVE_SYS_STAT_H 1
| #define HAVE_STDLIB_H 1
| #define HAVE_STRING_H 1
| #define HAVE_MEMORY_H 1
| #define HAVE_STRINGS_H 1
| #define HAVE_INTTYPES_H 1
| #define HAVE_STDINT_H 1
| #define HAVE_UNISTD_H 1
| #define HAVE_PTHREAD_PRIO_INHERIT 1
| #define HAVE_PTHREAD 1
| #define HAVE_DECL_STRERROR_R 1
| #define HAVE_STRERROR_R 1
| #define STRERROR_R_CHAR_P 1
| #define HAVE_STDIO_H 1
| #define HAVE_STDLIB_H 1
| #define HAVE_UNISTD_H 1
| #define HAVE_STRINGS_H 1
| #define HAVE_SYS_TYPES_H 1
| #define HAVE_SYS_STAT_H 1
| #define HAVE_MSG_NOSIGNAL 1
| /* end confdefs.h.  */
| 
|       #include <bdb4.8/db_cxx.h>
| 
| int
| main ()
| {
| 
|       #if !((DB_VERSION_MAJOR == 4 && DB_VERSION_MINOR >= 8) || DB_VERSION_MAJOR > 4)
|         #error "failed to find bdb 4.8+"
|       #endif
| 
|   ;
|   return 0;
| }
configure:10243: g++ -c -g -O2 -Wall -Wextra -Wformat -Wformat-security -Wno-unused-parameter  -Wstack-protector -fstack-protector-all  -DBOOST_SPIRIT_THREADSAFE -DHAVE_BUILD_INFO -D__STDC_FORMAT_MACROS  -U_FORTIFY_SOURCE -D_FORTIFY_SOURCE=2 conftest.cpp >&5
conftest.cpp:32:35: fatal error: libdb4.8/db_cxx.h: No such file or directory
       #include <libdb4.8/db_cxx.h>
                                   ^
compilation terminated.
configure:10243: $? = 1
configure: failed program was:
| /* confdefs.h */
| #define PACKAGE_NAME "Urals Core"
| #define PACKAGE_TARNAME "urals"
| #define PACKAGE_VERSION "1.0.0"
| #define PACKAGE_STRING "Urals Core 1.0.0"
| #define PACKAGE_BUGREPORT "info@urals.info"
| #define PACKAGE_URL ""
| #define STDC_HEADERS 1
| #define HAVE_SYS_TYPES_H 1
| #define HAVE_SYS_STAT_H 1
| #define HAVE_STDLIB_H 1
| #define HAVE_STRING_H 1
| #define HAVE_MEMORY_H 1
| #define HAVE_STRINGS_H 1
| #define HAVE_INTTYPES_H 1
| #define HAVE_STDINT_H 1
| #define HAVE_UNISTD_H 1
| #define HAVE_PTHREAD_PRIO_INHERIT 1
| #define HAVE_PTHREAD 1
| #define HAVE_DECL_STRERROR_R 1
| #define HAVE_STRERROR_R 1
| #define STRERROR_R_CHAR_P 1
| #define HAVE_STDIO_H 1
| #define HAVE_STDLIB_H 1
| #define HAVE_UNISTD_H 1
| #define HAVE_STRINGS_H 1
| #define HAVE_SYS_TYPES_H 1
| #define HAVE_SYS_STAT_H 1
| #define HAVE_MSG_NOSIGNAL 1
| /* end confdefs.h.  */
| 
|       #include <libdb4.8/db_cxx.h>
| 
| int
| main ()
| {
| 
|       #if !((DB_VERSION_MAJOR == 4 && DB_VERSION_MINOR >= 8) || DB_VERSION_MAJOR > 4)
|         #error "failed to find bdb 4.8+"
|       #endif
| 
|   ;
|   return 0;
| }
configure:10243: g++ -c -g -O2 -Wall -Wextra -Wformat -Wformat-security -Wno-unused-parameter  -Wstack-protector -fstack-protector-all  -DBOOST_SPIRIT_THREADSAFE -DHAVE_BUILD_INFO -D__STDC_FORMAT_MACROS  -U_FORTIFY_SOURCE -D_FORTIFY_SOURCE=2 conftest.cpp >&5
conftest.cpp:32:32: fatal error: db4.8/db_cxx.h: No such file or directory
       #include <db4.8/db_cxx.h>
                                ^
compilation terminated.
configure:10243: $? = 1
configure: failed program was:
| /* confdefs.h */
| #define PACKAGE_NAME "Urals Core"
| #define PACKAGE_TARNAME "urals"
| #define PACKAGE_VERSION "1.0.0"
| #define PACKAGE_STRING "Urals Core 1.0.0"
| #define PACKAGE_BUGREPORT "info@urals.info"
| #define PACKAGE_URL ""
| #define STDC_HEADERS 1
| #define HAVE_SYS_TYPES_H 1
| #define HAVE_SYS_STAT_H 1
| #define HAVE_STDLIB_H 1
| #define HAVE_STRING_H 1
| #define HAVE_MEMORY_H 1
| #define HAVE_STRINGS_H 1
| #define HAVE_INTTYPES_H 1
| #define HAVE_STDINT_H 1
| #define HAVE_UNISTD_H 1
| #define HAVE_PTHREAD_PRIO_INHERIT 1
| #define HAVE_PTHREAD 1
| #define HAVE_DECL_STRERROR_R 1
| #define HAVE_STRERROR_R 1
| #define STRERROR_R_CHAR_P 1
| #define HAVE_STDIO_H 1
| #define HAVE_STDLIB_H 1
| #define HAVE_UNISTD_H 1
| #define HAVE_STRINGS_H 1
| #define HAVE_SYS_TYPES_H 1
| #define HAVE_SYS_STAT_H 1
| #define HAVE_MSG_NOSIGNAL 1
| /* end confdefs.h.  */
| 
|       #include <db4.8/db_cxx.h>
| 
| int
| main ()
| {
| 
|       #if !((DB_VERSION_MAJOR == 4 && DB_VERSION_MINOR >= 8) || DB_VERSION_MAJOR > 4)
|         #error "failed to find bdb 4.8+"
|       #endif
| 
|   ;
|   return 0;
| }
configure:10243: g++ -c -g -O2 -Wall -Wextra -Wformat -Wformat-security -Wno-unused-parameter  -Wstack-protector -fstack-protector-all  -DBOOST_SPIRIT_THREADSAFE -DHAVE_BUILD_INFO -D__STDC_FORMAT_MACROS  -U_FORTIFY_SOURCE -D_FORTIFY_SOURCE=2 conftest.cpp >&5
conftest.cpp:32:32: fatal error: bdb48/db_cxx.h: No such file or directory
       #include <bdb48/db_cxx.h>
                                ^
compilation terminated.
configure:10243: $? = 1
configure: failed program was:
| /* confdefs.h */
| #define PACKAGE_NAME "Urals Core"
| #define PACKAGE_TARNAME "urals"
| #define PACKAGE_VERSION "1.0.0"
| #define PACKAGE_STRING "Urals Core 1.0.0"
| #define PACKAGE_BUGREPORT "info@urals.info"
| #define PACKAGE_URL ""
| #define STDC_HEADERS 1
| #define HAVE_SYS_TYPES_H 1
| #define HAVE_SYS_STAT_H 1
| #define HAVE_STDLIB_H 1
| #define HAVE_STRING_H 1
| #define HAVE_MEMORY_H 1
| #define HAVE_STRINGS_H 1
| #define HAVE_INTTYPES_H 1
| #define HAVE_STDINT_H 1
| #define HAVE_UNISTD_H 1
| #define HAVE_PTHREAD_PRIO_INHERIT 1
| #define HAVE_PTHREAD 1
| #define HAVE_DECL_STRERROR_R 1
| #define HAVE_STRERROR_R 1
| #define STRERROR_R_CHAR_P 1
| #define HAVE_STDIO_H 1
| #define HAVE_STDLIB_H 1
| #define HAVE_UNISTD_H 1
| #define HAVE_STRINGS_H 1
| #define HAVE_SYS_TYPES_H 1
| #define HAVE_SYS_STAT_H 1
| #define HAVE_MSG_NOSIGNAL 1
| /* end confdefs.h.  */
| 
|       #include <bdb48/db_cxx.h>
| 
| int
| main ()
| {
| 
|       #if !((DB_VERSION_MAJOR == 4 && DB_VERSION_MINOR >= 8) || DB_VERSION_MAJOR > 4)
|         #error "failed to find bdb 4.8+"
|       #endif
| 
|   ;
|   return 0;
| }
configure:10243: g++ -c -g -O2 -Wall -Wextra -Wformat -Wformat-security -Wno-unused-parameter  -Wstack-protector -fstack-protector-all  -DBOOST_SPIRIT_THREADSAFE -DHAVE_BUILD_INFO -D__STDC_FORMAT_MACROS  -U_FORTIFY_SOURCE -D_FORTIFY_SOURCE=2 conftest.cpp >&5
conftest.cpp:32:34: fatal error: libdb48/db_cxx.h: No such file or directory
       #include <libdb48/db_cxx.h>
                                  ^
compilation terminated.
configure:10243: $? = 1
configure: failed program was:
| /* confdefs.h */
| #define PACKAGE_NAME "Urals Core"
| #define PACKAGE_TARNAME "urals"
| #define PACKAGE_VERSION "1.0.0"
| #define PACKAGE_STRING "Urals Core 1.0.0"
| #define PACKAGE_BUGREPORT "info@urals.info"
| #define PACKAGE_URL ""
| #define STDC_HEADERS 1
| #define HAVE_SYS_TYPES_H 1
| #define HAVE_SYS_STAT_H 1
| #define HAVE_STDLIB_H 1
| #define HAVE_STRING_H 1
| #define HAVE_MEMORY_H 1
| #define HAVE_STRINGS_H 1
| #define HAVE_INTTYPES_H 1
| #define HAVE_STDINT_H 1
| #define HAVE_UNISTD_H 1
| #define HAVE_PTHREAD_PRIO_INHERIT 1
| #define HAVE_PTHREAD 1
| #define HAVE_DECL_STRERROR_R 1
| #define HAVE_STRERROR_R 1
| #define STRERROR_R_CHAR_P 1
| #define HAVE_STDIO_H 1
| #define HAVE_STDLIB_H 1
| #define HAVE_UNISTD_H 1
| #define HAVE_STRINGS_H 1
| #define HAVE_SYS_TYPES_H 1
| #define HAVE_SYS_STAT_H 1
| #define HAVE_MSG_NOSIGNAL 1
| /* end confdefs.h.  */
| 
|       #include <libdb48/db_cxx.h>
| 
| int
| main ()
| {
| 
|       #if !((DB_VERSION_MAJOR == 4 && DB_VERSION_MINOR >= 8) || DB_VERSION_MAJOR > 4)
|         #error "failed to find bdb 4.8+"
|       #endif
| 
|   ;
|   return 0;
| }
configure:10243: g++ -c -g -O2 -Wall -Wextra -Wformat -Wformat-security -Wno-unused-parameter  -Wstack-protector -fstack-protector-all  -DBOOST_SPIRIT_THREADSAFE -DHAVE_BUILD_INFO -D__STDC_FORMAT_MACROS  -U_FORTIFY_SOURCE -D_FORTIFY_SOURCE=2 conftest.cpp >&5
conftest.cpp:32:31: fatal error: db48/db_cxx.h: No such file or directory
       #include <db48/db_cxx.h>
                               ^
compilation terminated.
configure:10243: $? = 1
configure: failed program was:
| /* confdefs.h */
| #define PACKAGE_NAME "Urals Core"
| #define PACKAGE_TARNAME "urals"
| #define PACKAGE_VERSION "1.0.0"
| #define PACKAGE_STRING "Urals Core 1.0.0"
| #define PACKAGE_BUGREPORT "info@urals.info"
| #define PACKAGE_URL ""
| #define STDC_HEADERS 1
| #define HAVE_SYS_TYPES_H 1
| #define HAVE_SYS_STAT_H 1
| #define HAVE_STDLIB_H 1
| #define HAVE_STRING_H 1
| #define HAVE_MEMORY_H 1
| #define HAVE_STRINGS_H 1
| #define HAVE_INTTYPES_H 1
| #define HAVE_STDINT_H 1
| #define HAVE_UNISTD_H 1
| #define HAVE_PTHREAD_PRIO_INHERIT 1
| #define HAVE_PTHREAD 1
| #define HAVE_DECL_STRERROR_R 1
| #define HAVE_STRERROR_R 1
| #define STRERROR_R_CHAR_P 1
| #define HAVE_STDIO_H 1
| #define HAVE_STDLIB_H 1
| #define HAVE_UNISTD_H 1
| #define HAVE_STRINGS_H 1
| #define HAVE_SYS_TYPES_H 1
| #define HAVE_SYS_STAT_H 1
| #define HAVE_MSG_NOSIGNAL 1
| /* end confdefs.h.  */
| 
|       #include <db48/db_cxx.h>
| 
| int
| main ()
| {
| 
|       #if !((DB_VERSION_MAJOR == 4 && DB_VERSION_MINOR >= 8) || DB_VERSION_MAJOR > 4)
|         #error "failed to find bdb 4.8+"
|       #endif
| 
|   ;
|   return 0;
| }
configure:10243: g++ -c -g -O2 -Wall -Wextra -Wformat -Wformat-security -Wno-unused-parameter  -Wstack-protector -fstack-protector-all  -DBOOST_SPIRIT_THREADSAFE -DHAVE_BUILD_INFO -D__STDC_FORMAT_MACROS  -U_FORTIFY_SOURCE -D_FORTIFY_SOURCE=2 conftest.cpp >&5
conftest.cpp:32:31: fatal error: bdb4/db_cxx.h: No such file or directory
       #include <bdb4/db_cxx.h>
                               ^
compilation terminated.
configure:10243: $? = 1
configure: failed program was:
| /* confdefs.h */
| #define PACKAGE_NAME "Urals Core"
| #define PACKAGE_TARNAME "urals"
| #define PACKAGE_VERSION "1.0.0"
| #define PACKAGE_STRING "Urals Core 1.0.0"
| #define PACKAGE_BUGREPORT "info@urals.info"
| #define PACKAGE_URL ""
| #define STDC_HEADERS 1
| #define HAVE_SYS_TYPES_H 1
| #define HAVE_SYS_STAT_H 1
| #define HAVE_STDLIB_H 1
| #define HAVE_STRING_H 1
| #define HAVE_MEMORY_H 1
| #define HAVE_STRINGS_H 1
| #define HAVE_INTTYPES_H 1
| #define HAVE_STDINT_H 1
| #define HAVE_UNISTD_H 1
| #define HAVE_PTHREAD_PRIO_INHERIT 1
| #define HAVE_PTHREAD 1
| #define HAVE_DECL_STRERROR_R 1
| #define HAVE_STRERROR_R 1
| #define STRERROR_R_CHAR_P 1
| #define HAVE_STDIO_H 1
| #define HAVE_STDLIB_H 1
| #define HAVE_UNISTD_H 1
| #define HAVE_STRINGS_H 1
| #define HAVE_SYS_TYPES_H 1
| #define HAVE_SYS_STAT_H 1
| #define HAVE_MSG_NOSIGNAL 1
| /* end confdefs.h.  */
| 
|       #include <bdb4/db_cxx.h>
| 
| int
| main ()
| {
| 
|       #if !((DB_VERSION_MAJOR == 4 && DB_VERSION_MINOR >= 8) || DB_VERSION_MAJOR > 4)
|         #error "failed to find bdb 4.8+"
|       #endif
| 
|   ;
|   return 0;
| }
configure:10243: g++ -c -g -O2 -Wall -Wextra -Wformat -Wformat-security -Wno-unused-parameter  -Wstack-protector -fstack-protector-all  -DBOOST_SPIRIT_THREADSAFE -DHAVE_BUILD_INFO -D__STDC_FORMAT_MACROS  -U_FORTIFY_SOURCE -D_FORTIFY_SOURCE=2 conftest.cpp >&5
conftest.cpp:32:33: fatal error: libdb4/db_cxx.h: No such file or directory
       #include <libdb4/db_cxx.h>
                                 ^
compilation terminated.
configure:10243: $? = 1
configure: failed program was:
| /* confdefs.h */
| #define PACKAGE_NAME "Urals Core"
| #define PACKAGE_TARNAME "urals"
| #define PACKAGE_VERSION "1.0.0"
| #define PACKAGE_STRING "Urals Core 1.0.0"
| #define PACKAGE_BUGREPORT "info@urals.info"
| #define PACKAGE_URL ""
| #define STDC_HEADERS 1
| #define HAVE_SYS_TYPES_H 1
| #define HAVE_SYS_STAT_H 1
| #define HAVE_STDLIB_H 1
| #define HAVE_STRING_H 1
| #define HAVE_MEMORY_H 1
| #define HAVE_STRINGS_H 1
| #define HAVE_INTTYPES_H 1
| #define HAVE_STDINT_H 1
| #define HAVE_UNISTD_H 1
| #define HAVE_PTHREAD_PRIO_INHERIT 1
| #define HAVE_PTHREAD 1
| #define HAVE_DECL_STRERROR_R 1
| #define HAVE_STRERROR_R 1
| #define STRERROR_R_CHAR_P 1
| #define HAVE_STDIO_H 1
| #define HAVE_STDLIB_H 1
| #define HAVE_UNISTD_H 1
| #define HAVE_STRINGS_H 1
| #define HAVE_SYS_TYPES_H 1
| #define HAVE_SYS_STAT_H 1
| #define HAVE_MSG_NOSIGNAL 1
| /* end confdefs.h.  */
| 
|       #include <libdb4/db_cxx.h>
| 
| int
| main ()
| {
| 
|       #if !((DB_VERSION_MAJOR == 4 && DB_VERSION_MINOR >= 8) || DB_VERSION_MAJOR > 4)
|         #error "failed to find bdb 4.8+"
|       #endif
| 
|   ;
|   return 0;
| }
configure:10243: g++ -c -g -O2 -Wall -Wextra -Wformat -Wformat-security -Wno-unused-parameter  -Wstack-protector -fstack-protector-all  -DBOOST_SPIRIT_THREADSAFE -DHAVE_BUILD_INFO -D__STDC_FORMAT_MACROS  -U_FORTIFY_SOURCE -D_FORTIFY_SOURCE=2 conftest.cpp >&5
conftest.cpp:32:30: fatal error: db4/db_cxx.h: No such file or directory
       #include <db4/db_cxx.h>
                              ^
compilation terminated.
configure:10243: $? = 1
configure: failed program was:
| /* confdefs.h */
| #define PACKAGE_NAME "Urals Core"
| #define PACKAGE_TARNAME "urals"
| #define PACKAGE_VERSION "1.0.0"
| #define PACKAGE_STRING "Urals Core 1.0.0"
| #define PACKAGE_BUGREPORT "info@urals.info"
| #define PACKAGE_URL ""
| #define STDC_HEADERS 1
| #define HAVE_SYS_TYPES_H 1
| #define HAVE_SYS_STAT_H 1
| #define HAVE_STDLIB_H 1
| #define HAVE_STRING_H 1
| #define HAVE_MEMORY_H 1
| #define HAVE_STRINGS_H 1
| #define HAVE_INTTYPES_H 1
| #define HAVE_STDINT_H 1
| #define HAVE_UNISTD_H 1
| #define HAVE_PTHREAD_PRIO_INHERIT 1
| #define HAVE_PTHREAD 1
| #define HAVE_DECL_STRERROR_R 1
| #define HAVE_STRERROR_R 1
| #define STRERROR_R_CHAR_P 1
| #define HAVE_STDIO_H 1
| #define HAVE_STDLIB_H 1
| #define HAVE_UNISTD_H 1
| #define HAVE_STRINGS_H 1
| #define HAVE_SYS_TYPES_H 1
| #define HAVE_SYS_STAT_H 1
| #define HAVE_MSG_NOSIGNAL 1
| /* end confdefs.h.  */
| 
|       #include <db4/db_cxx.h>
| 
| int
| main ()
| {
| 
|       #if !((DB_VERSION_MAJOR == 4 && DB_VERSION_MINOR >= 8) || DB_VERSION_MAJOR > 4)
|         #error "failed to find bdb 4.8+"
|       #endif
| 
|   ;
|   return 0;
| }
configure:10243: g++ -c -g -O2 -Wall -Wextra -Wformat -Wformat-security -Wno-unused-parameter  -Wstack-protector -fstack-protector-all  -DBOOST_SPIRIT_THREADSAFE -DHAVE_BUILD_INFO -D__STDC_FORMAT_MACROS  -U_FORTIFY_SOURCE -D_FORTIFY_SOURCE=2 conftest.cpp >&5
conftest.cpp:32:31: fatal error: bdb5/db_cxx.h: No such file or directory
       #include <bdb5/db_cxx.h>
                               ^
compilation terminated.
configure:10243: $? = 1
configure: failed program was:
| /* confdefs.h */
| #define PACKAGE_NAME "Urals Core"
| #define PACKAGE_TARNAME "urals"
| #define PACKAGE_VERSION "1.0.0"
| #define PACKAGE_STRING "Urals Core 1.0.0"
| #define PACKAGE_BUGREPORT "info@urals.info"
| #define PACKAGE_URL ""
| #define STDC_HEADERS 1
| #define HAVE_SYS_TYPES_H 1
| #define HAVE_SYS_STAT_H 1
| #define HAVE_STDLIB_H 1
| #define HAVE_STRING_H 1
| #define HAVE_MEMORY_H 1
| #define HAVE_STRINGS_H 1
| #define HAVE_INTTYPES_H 1
| #define HAVE_STDINT_H 1
| #define HAVE_UNISTD_H 1
| #define HAVE_PTHREAD_PRIO_INHERIT 1
| #define HAVE_PTHREAD 1
| #define HAVE_DECL_STRERROR_R 1
| #define HAVE_STRERROR_R 1
| #define STRERROR_R_CHAR_P 1
| #define HAVE_STDIO_H 1
| #define HAVE_STDLIB_H 1
| #define HAVE_UNISTD_H 1
| #define HAVE_STRINGS_H 1
| #define HAVE_SYS_TYPES_H 1
| #define HAVE_SYS_STAT_H 1
| #define HAVE_MSG_NOSIGNAL 1
| /* end confdefs.h.  */
| 
|       #include <bdb5/db_cxx.h>
| 
| int
| main ()
| {
| 
|       #if !((DB_VERSION_MAJOR == 4 && DB_VERSION_MINOR >= 8) || DB_VERSION_MAJOR > 4)
|         #error "failed to find bdb 4.8+"
|       #endif
| 
|   ;
|   return 0;
| }
configure:10243: g++ -c -g -O2 -Wall -Wextra -Wformat -Wformat-security -Wno-unused-parameter  -Wstack-protector -fstack-protector-all  -DBOOST_SPIRIT_THREADSAFE -DHAVE_BUILD_INFO -D__STDC_FORMAT_MACROS  -U_FORTIFY_SOURCE -D_FORTIFY_SOURCE=2 conftest.cpp >&5
conftest.cpp:32:33: fatal error: libdb5/db_cxx.h: No such file or directory
       #include <libdb5/db_cxx.h>
                                 ^
compilation terminated.
configure:10243: $? = 1
configure: failed program was:
| /* confdefs.h */
| #define PACKAGE_NAME "Urals Core"
| #define PACKAGE_TARNAME "urals"
| #define PACKAGE_VERSION "1.0.0"
| #define PACKAGE_STRING "Urals Core 1.0.0"
| #define PACKAGE_BUGREPORT "info@urals.info"
| #define PACKAGE_URL ""
| #define STDC_HEADERS 1
| #define HAVE_SYS_TYPES_H 1
| #define HAVE_SYS_STAT_H 1
| #define HAVE_STDLIB_H 1
| #define HAVE_STRING_H 1
| #define HAVE_MEMORY_H 1
| #define HAVE_STRINGS_H 1
| #define HAVE_INTTYPES_H 1
| #define HAVE_STDINT_H 1
| #define HAVE_UNISTD_H 1
| #define HAVE_PTHREAD_PRIO_INHERIT 1
| #define HAVE_PTHREAD 1
| #define HAVE_DECL_STRERROR_R 1
| #define HAVE_STRERROR_R 1
| #define STRERROR_R_CHAR_P 1
| #define HAVE_STDIO_H 1
| #define HAVE_STDLIB_H 1
| #define HAVE_UNISTD_H 1
| #define HAVE_STRINGS_H 1
| #define HAVE_SYS_TYPES_H 1
| #define HAVE_SYS_STAT_H 1
| #define HAVE_MSG_NOSIGNAL 1
| /* end confdefs.h.  */
| 
|       #include <libdb5/db_cxx.h>
| 
| int
| main ()
| {
| 
|       #if !((DB_VERSION_MAJOR == 4 && DB_VERSION_MINOR >= 8) || DB_VERSION_MAJOR > 4)
|         #error "failed to find bdb 4.8+"
|       #endif
| 
|   ;
|   return 0;
| }
configure:10243: g++ -c -g -O2 -Wall -Wextra -Wformat -Wformat-security -Wno-unused-parameter  -Wstack-protector -fstack-protector-all  -DBOOST_SPIRIT_THREADSAFE -DHAVE_BUILD_INFO -D__STDC_FORMAT_MACROS  -U_FORTIFY_SOURCE -D_FORTIFY_SOURCE=2 conftest.cpp >&5
conftest.cpp:32:30: fatal error: db5/db_cxx.h: No such file or directory
       #include <db5/db_cxx.h>
                              ^
compilation terminated.
configure:10243: $? = 1
configure: failed program was:
| /* confdefs.h */
| #define PACKAGE_NAME "Urals Core"
| #define PACKAGE_TARNAME "urals"
| #define PACKAGE_VERSION "1.0.0"
| #define PACKAGE_STRING "Urals Core 1.0.0"
| #define PACKAGE_BUGREPORT "info@urals.info"
| #define PACKAGE_URL ""
| #define STDC_HEADERS 1
| #define HAVE_SYS_TYPES_H 1
| #define HAVE_SYS_STAT_H 1
| #define HAVE_STDLIB_H 1
| #define HAVE_STRING_H 1
| #define HAVE_MEMORY_H 1
| #define HAVE_STRINGS_H 1
| #define HAVE_INTTYPES_H 1
| #define HAVE_STDINT_H 1
| #define HAVE_UNISTD_H 1
| #define HAVE_PTHREAD_PRIO_INHERIT 1
| #define HAVE_PTHREAD 1
| #define HAVE_DECL_STRERROR_R 1
| #define HAVE_STRERROR_R 1
| #define STRERROR_R_CHAR_P 1
| #define HAVE_STDIO_H 1
| #define HAVE_STDLIB_H 1
| #define HAVE_UNISTD_H 1
| #define HAVE_STRINGS_H 1
| #define HAVE_SYS_TYPES_H 1
| #define HAVE_SYS_STAT_H 1
| #define HAVE_MSG_NOSIGNAL 1
| /* end confdefs.h.  */
| 
|       #include <db5/db_cxx.h>
| 
| int
| main ()
| {
| 
|       #if !((DB_VERSION_MAJOR == 4 && DB_VERSION_MINOR >= 8) || DB_VERSION_MAJOR > 4)
|         #error "failed to find bdb 4.8+"
|       #endif
| 
|   ;
|   return 0;
| }
configure:10243: g++ -c -g -O2 -Wall -Wextra -Wformat -Wformat-security -Wno-unused-parameter  -Wstack-protector -fstack-protector-all  -DBOOST_SPIRIT_THREADSAFE -DHAVE_BUILD_INFO -D__STDC_FORMAT_MACROS  -U_FORTIFY_SOURCE -D_FORTIFY_SOURCE=2 conftest.cpp >&5
conftest.cpp:32:30: fatal error: bdb/db_cxx.h: No such file or directory
       #include <bdb/db_cxx.h>
                              ^
compilation terminated.
configure:10243: $? = 1
configure: failed program was:
| /* confdefs.h */
| #define PACKAGE_NAME "Urals Core"
| #define PACKAGE_TARNAME "urals"
| #define PACKAGE_VERSION "1.0.0"
| #define PACKAGE_STRING "Urals Core 1.0.0"
| #define PACKAGE_BUGREPORT "info@urals.info"
| #define PACKAGE_URL ""
| #define STDC_HEADERS 1
| #define HAVE_SYS_TYPES_H 1
| #define HAVE_SYS_STAT_H 1
| #define HAVE_STDLIB_H 1
| #define HAVE_STRING_H 1
| #define HAVE_MEMORY_H 1
| #define HAVE_STRINGS_H 1
| #define HAVE_INTTYPES_H 1
| #define HAVE_STDINT_H 1
| #define HAVE_UNISTD_H 1
| #define HAVE_PTHREAD_PRIO_INHERIT 1
| #define HAVE_PTHREAD 1
| #define HAVE_DECL_STRERROR_R 1
| #define HAVE_STRERROR_R 1
| #define STRERROR_R_CHAR_P 1
| #define HAVE_STDIO_H 1
| #define HAVE_STDLIB_H 1
| #define HAVE_UNISTD_H 1
| #define HAVE_STRINGS_H 1
| #define HAVE_SYS_TYPES_H 1
| #define HAVE_SYS_STAT_H 1
| #define HAVE_MSG_NOSIGNAL 1
| /* end confdefs.h.  */
| 
|       #include <bdb/db_cxx.h>
| 
| int
| main ()
| {
| 
|       #if !((DB_VERSION_MAJOR == 4 && DB_VERSION_MINOR >= 8) || DB_VERSION_MAJOR > 4)
|         #error "failed to find bdb 4.8+"
|       #endif
| 
|   ;
|   return 0;
| }
configure:10243: g++ -c -g -O2 -Wall -Wextra -Wformat -Wformat-security -Wno-unused-parameter  -Wstack-protector -fstack-protector-all  -DBOOST_SPIRIT_THREADSAFE -DHAVE_BUILD_INFO -D__STDC_FORMAT_MACROS  -U_FORTIFY_SOURCE -D_FORTIFY_SOURCE=2 conftest.cpp >&5
conftest.cpp:32:32: fatal error: libdb/db_cxx.h: No such file or directory
       #include <libdb/db_cxx.h>
                                ^
compilation terminated.
configure:10243: $? = 1
configure: failed program was:
| /* confdefs.h */
| #define PACKAGE_NAME "Urals Core"
| #define PACKAGE_TARNAME "urals"
| #define PACKAGE_VERSION "1.0.0"
| #define PACKAGE_STRING "Urals Core 1.0.0"
| #define PACKAGE_BUGREPORT "info@urals.info"
| #define PACKAGE_URL ""
| #define STDC_HEADERS 1
| #define HAVE_SYS_TYPES_H 1
| #define HAVE_SYS_STAT_H 1
| #define HAVE_STDLIB_H 1
| #define HAVE_STRING_H 1
| #define HAVE_MEMORY_H 1
| #define HAVE_STRINGS_H 1
| #define HAVE_INTTYPES_H 1
| #define HAVE_STDINT_H 1
| #define HAVE_UNISTD_H 1
| #define HAVE_PTHREAD_PRIO_INHERIT 1
| #define HAVE_PTHREAD 1
| #define HAVE_DECL_STRERROR_R 1
| #define HAVE_STRERROR_R 1
| #define STRERROR_R_CHAR_P 1
| #define HAVE_STDIO_H 1
| #define HAVE_STDLIB_H 1
| #define HAVE_UNISTD_H 1
| #define HAVE_STRINGS_H 1
| #define HAVE_SYS_TYPES_H 1
| #define HAVE_SYS_STAT_H 1
| #define HAVE_MSG_NOSIGNAL 1
| /* end confdefs.h.  */
| 
|       #include <libdb/db_cxx.h>
| 
| int
| main ()
| {
| 
|       #if !((DB_VERSION_MAJOR == 4 && DB_VERSION_MINOR >= 8) || DB_VERSION_MAJOR > 4)
|         #error "failed to find bdb 4.8+"
|       #endif
| 
|   ;
|   return 0;
| }
configure:10243: g++ -c -g -O2 -Wall -Wextra -Wformat -Wformat-security -Wno-unused-parameter  -Wstack-protector -fstack-protector-all  -DBOOST_SPIRIT_THREADSAFE -DHAVE_BUILD_INFO -D__STDC_FORMAT_MACROS  -U_FORTIFY_SOURCE -D_FORTIFY_SOURCE=2 conftest.cpp >&5
conftest.cpp:32:29: fatal error: db/db_cxx.h: No such file or directory
       #include <db/db_cxx.h>
                             ^
compilation terminated.
configure:10243: $? = 1
configure: failed program was:
| /* confdefs.h */
| #define PACKAGE_NAME "Urals Core"
| #define PACKAGE_TARNAME "urals"
| #define PACKAGE_VERSION "1.0.0"
| #define PACKAGE_STRING "Urals Core 1.0.0"
| #define PACKAGE_BUGREPORT "info@urals.info"
| #define PACKAGE_URL ""
| #define STDC_HEADERS 1
| #define HAVE_SYS_TYPES_H 1
| #define HAVE_SYS_STAT_H 1
| #define HAVE_STDLIB_H 1
| #define HAVE_STRING_H 1
| #define HAVE_MEMORY_H 1
| #define HAVE_STRINGS_H 1
| #define HAVE_INTTYPES_H 1
| #define HAVE_STDINT_H 1
| #define HAVE_UNISTD_H 1
| #define HAVE_PTHREAD_PRIO_INHERIT 1
| #define HAVE_PTHREAD 1
| #define HAVE_DECL_STRERROR_R 1
| #define HAVE_STRERROR_R 1
| #define STRERROR_R_CHAR_P 1
| #define HAVE_STDIO_H 1
| #define HAVE_STDLIB_H 1
| #define HAVE_UNISTD_H 1
| #define HAVE_STRINGS_H 1
| #define HAVE_SYS_TYPES_H 1
| #define HAVE_SYS_STAT_H 1
| #define HAVE_MSG_NOSIGNAL 1
| /* end confdefs.h.  */
| 
|       #include <db/db_cxx.h>
| 
| int
| main ()
| {
| 
|       #if !((DB_VERSION_MAJOR == 4 && DB_VERSION_MINOR >= 8) || DB_VERSION_MAJOR > 4)
|         #error "failed to find bdb 4.8+"
|       #endif
| 
|   ;
|   return 0;
| }
configure:10243: g++ -c -g -O2 -Wall -Wextra -Wformat -Wformat-security -Wno-unused-parameter  -Wstack-protector -fstack-protector-all  -DBOOST_SPIRIT_THREADSAFE -DHAVE_BUILD_INFO -D__STDC_FORMAT_MACROS  -U_FORTIFY_SOURCE -D_FORTIFY_SOURCE=2 conftest.cpp >&5
configure:10243: $? = 0
configure:10272: g++ -c -g -O2 -Wall -Wextra -Wformat -Wformat-security -Wno-unused-parameter  -Wstack-protector -fstack-protector-all  -DBOOST_SPIRIT_THREADSAFE -DHAVE_BUILD_INFO -D__STDC_FORMAT_MACROS  -U_FORTIFY_SOURCE -D_FORTIFY_SOURCE=2 conftest.cpp >&5
configure:10272: $? = 0
configure:10315: result: default
configure:10334: checking for main in -ldb_cxx-4.8
configure:10353: g++ -o conftest -g -O2 -Wall -Wextra -Wformat -Wformat-security -Wno-unused-parameter  -Wstack-protector -fstack-protector-all  -DBOOST_SPIRIT_THREADSAFE -DHAVE_BUILD_INFO -D__STDC_FORMAT_MACROS  -U_FORTIFY_SOURCE -D_FORTIFY_SOURCE=2   -Wl,-z,relro -Wl,-z,now conftest.cpp -ldb_cxx-4.8   >&5
configure:10353: $? = 0
configure:10363: result: yes
configure:10384: checking miniupnpc/miniwget.h usability
configure:10384: g++ -c -g -O2 -Wall -Wextra -Wformat -Wformat-security -Wno-unused-parameter  -Wstack-protector -fstack-protector-all  -DBOOST_SPIRIT_THREADSAFE -DHAVE_BUILD_INFO -D__STDC_FORMAT_MACROS  -U_FORTIFY_SOURCE -D_FORTIFY_SOURCE=2 conftest.cpp >&5
configure:10384: $? = 0
configure:10384: result: yes
configure:10384: checking miniupnpc/miniwget.h presence
configure:10384: g++ -E  -DBOOST_SPIRIT_THREADSAFE -DHAVE_BUILD_INFO -D__STDC_FORMAT_MACROS  -U_FORTIFY_SOURCE -D_FORTIFY_SOURCE=2 conftest.cpp
configure:10384: $? = 0
configure:10384: result: yes
configure:10384: checking for miniupnpc/miniwget.h
configure:10384: result: yes
configure:10389: checking for main in -lminiupnpc
configure:10408: g++ -o conftest -g -O2 -Wall -Wextra -Wformat -Wformat-security -Wno-unused-parameter  -Wstack-protector -fstack-protector-all  -DBOOST_SPIRIT_THREADSAFE -DHAVE_BUILD_INFO -D__STDC_FORMAT_MACROS  -U_FORTIFY_SOURCE -D_FORTIFY_SOURCE=2   -Wl,-z,relro -Wl,-z,now conftest.cpp -lminiupnpc   >&5
configure:10408: $? = 0
configure:10417: result: yes
configure:10384: checking miniupnpc/miniupnpc.h usability
configure:10384: g++ -c -g -O2 -Wall -Wextra -Wformat -Wformat-security -Wno-unused-parameter  -Wstack-protector -fstack-protector-all  -DBOOST_SPIRIT_THREADSAFE -DHAVE_BUILD_INFO -D__STDC_FORMAT_MACROS  -U_FORTIFY_SOURCE -D_FORTIFY_SOURCE=2 conftest.cpp >&5
configure:10384: $? = 0
configure:10384: result: yes
configure:10384: checking miniupnpc/miniupnpc.h presence
configure:10384: g++ -E  -DBOOST_SPIRIT_THREADSAFE -DHAVE_BUILD_INFO -D__STDC_FORMAT_MACROS  -U_FORTIFY_SOURCE -D_FORTIFY_SOURCE=2 conftest.cpp
configure:10384: $? = 0
configure:10384: result: yes
configure:10384: checking for miniupnpc/miniupnpc.h
configure:10384: result: yes
configure:10389: checking for main in -lminiupnpc
configure:10417: result: yes
configure:10384: checking miniupnpc/upnpcommands.h usability
configure:10384: g++ -c -g -O2 -Wall -Wextra -Wformat -Wformat-security -Wno-unused-parameter  -Wstack-protector -fstack-protector-all  -DBOOST_SPIRIT_THREADSAFE -DHAVE_BUILD_INFO -D__STDC_FORMAT_MACROS  -U_FORTIFY_SOURCE -D_FORTIFY_SOURCE=2 conftest.cpp >&5
configure:10384: $? = 0
configure:10384: result: yes
configure:10384: checking miniupnpc/upnpcommands.h presence
configure:10384: g++ -E  -DBOOST_SPIRIT_THREADSAFE -DHAVE_BUILD_INFO -D__STDC_FORMAT_MACROS  -U_FORTIFY_SOURCE -D_FORTIFY_SOURCE=2 conftest.cpp
configure:10384: $? = 0
configure:10384: result: yes
configure:10384: checking for miniupnpc/upnpcommands.h
configure:10384: result: yes
configure:10389: checking for main in -lminiupnpc
configure:10417: result: yes
configure:10384: checking miniupnpc/upnperrors.h usability
configure:10384: g++ -c -g -O2 -Wall -Wextra -Wformat -Wformat-security -Wno-unused-parameter  -Wstack-protector -fstack-protector-all  -DBOOST_SPIRIT_THREADSAFE -DHAVE_BUILD_INFO -D__STDC_FORMAT_MACROS  -U_FORTIFY_SOURCE -D_FORTIFY_SOURCE=2 conftest.cpp >&5
configure:10384: $? = 0
configure:10384: result: yes
configure:10384: checking miniupnpc/upnperrors.h presence
configure:10384: g++ -E  -DBOOST_SPIRIT_THREADSAFE -DHAVE_BUILD_INFO -D__STDC_FORMAT_MACROS  -U_FORTIFY_SOURCE -D_FORTIFY_SOURCE=2 conftest.cpp
configure:10384: $? = 0
configure:10384: result: yes
configure:10384: checking for miniupnpc/upnperrors.h
configure:10384: result: yes
configure:10389: checking for main in -lminiupnpc
configure:10417: result: yes
configure:10487: checking for boostlib >= 1.20.0
configure:10572: g++ -c -g -O2 -Wall -Wextra -Wformat -Wformat-security -Wno-unused-parameter  -Wstack-protector -fstack-protector-all  -DBOOST_SPIRIT_THREADSAFE -DHAVE_BUILD_INFO -D__STDC_FORMAT_MACROS  -U_FORTIFY_SOURCE -D_FORTIFY_SOURCE=2 -I/usr/include conftest.cpp >&5
configure:10572: $? = 0
configure:10574: result: yes
configure:10758: checking whether the Boost::System library is available
configure:10782: g++ -c -g -O2 -Wall -Wextra -Wformat -Wformat-security -Wno-unused-parameter  -Wstack-protector -fstack-protector-all  -DBOOST_SPIRIT_THREADSAFE -DHAVE_BUILD_INFO -D__STDC_FORMAT_MACROS  -U_FORTIFY_SOURCE -D_FORTIFY_SOURCE=2 -I/usr/include conftest.cpp >&5
conftest.cpp: In function 'int main()':
conftest.cpp:45:3: warning: statement is a reference, not call, to function 'boost::system::system_category' [-Waddress]
   ;
   ^
conftest.cpp:45:3: warning: statement has no effect [-Wunused-value]
configure:10782: $? = 0
configure:10797: result: yes
configure:10813: checking for exit in -lboost_system
configure:10838: g++ -o conftest -g -O2 -Wall -Wextra -Wformat -Wformat-security -Wno-unused-parameter  -Wstack-protector -fstack-protector-all  -DBOOST_SPIRIT_THREADSAFE -DHAVE_BUILD_INFO -D__STDC_FORMAT_MACROS  -U_FORTIFY_SOURCE -D_FORTIFY_SOURCE=2 -I/usr/include   -Wl,-z,relro -Wl,-z,now -L/usr/lib/x86_64-linux-gnu conftest.cpp -lboost_system  -lminiupnpc -lminiupnpc -lminiupnpc -lminiupnpc  >&5
configure:10838: $? = 0
configure:10848: result: yes
configure:11003: checking whether the Boost::Filesystem library is available
configure:11027: g++ -c -g -O2 -Wall -Wextra -Wformat -Wformat-security -Wno-unused-parameter  -Wstack-protector -fstack-protector-all  -DBOOST_SPIRIT_THREADSAFE -DHAVE_BUILD_INFO -D__STDC_FORMAT_MACROS  -U_FORTIFY_SOURCE -D_FORTIFY_SOURCE=2 -I/usr/include conftest.cpp >&5
configure:11027: $? = 0
configure:11041: result: yes
configure:11053: checking for exit in -lboost_filesystem
configure:11078: g++ -o conftest -g -O2 -Wall -Wextra -Wformat -Wformat-security -Wno-unused-parameter  -Wstack-protector -fstack-protector-all  -DBOOST_SPIRIT_THREADSAFE -DHAVE_BUILD_INFO -D__STDC_FORMAT_MACROS  -U_FORTIFY_SOURCE -D_FORTIFY_SOURCE=2 -I/usr/include   -Wl,-z,relro -Wl,-z,now -L/usr/lib/x86_64-linux-gnu conftest.cpp -lboost_filesystem  -lminiupnpc -lminiupnpc -lminiupnpc -lminiupnpc  -lboost_system >&5
configure:11078: $? = 0
configure:11088: result: yes
configure:11238: checking whether the Boost::Program_Options library is available
configure:11262: g++ -c -g -O2 -Wall -Wextra -Wformat -Wformat-security -Wno-unused-parameter  -Wstack-protector -fstack-protector-all  -DBOOST_SPIRIT_THREADSAFE -DHAVE_BUILD_INFO -D__STDC_FORMAT_MACROS  -U_FORTIFY_SOURCE -D_FORTIFY_SOURCE=2 -I/usr/include conftest.cpp >&5
configure:11262: $? = 0
configure:11276: result: yes
configure:11288: checking for exit in -lboost_program_options
configure:11313: g++ -o conftest -g -O2 -Wall -Wextra -Wformat -Wformat-security -Wno-unused-parameter  -Wstack-protector -fstack-protector-all  -DBOOST_SPIRIT_THREADSAFE -DHAVE_BUILD_INFO -D__STDC_FORMAT_MACROS  -U_FORTIFY_SOURCE -D_FORTIFY_SOURCE=2 -I/usr/include   -Wl,-z,relro -Wl,-z,now -L/usr/lib/x86_64-linux-gnu conftest.cpp -lboost_program_options  -lminiupnpc -lminiupnpc -lminiupnpc -lminiupnpc  >&5
configure:11313: $? = 0
configure:11323: result: yes
configure:11466: checking whether the Boost::Thread library is available
configure:11498: g++ -c -pthread -g -O2 -Wall -Wextra -Wformat -Wformat-security -Wno-unused-parameter  -Wstack-protector -fstack-protector-all  -DBOOST_SPIRIT_THREADSAFE -DHAVE_BUILD_INFO -D__STDC_FORMAT_MACROS  -U_FORTIFY_SOURCE -D_FORTIFY_SOURCE=2 -I/usr/include conftest.cpp >&5
configure:11498: $? = 0
configure:11513: result: yes
configure:11543: checking for exit in -lboost_thread
configure:11568: g++ -o conftest -g -O2 -Wall -Wextra -Wformat -Wformat-security -Wno-unused-parameter  -Wstack-protector -fstack-protector-all  -DBOOST_SPIRIT_THREADSAFE -DHAVE_BUILD_INFO -D__STDC_FORMAT_MACROS  -U_FORTIFY_SOURCE -D_FORTIFY_SOURCE=2 -I/usr/include   -Wl,-z,relro -Wl,-z,now -L/usr/lib/x86_64-linux-gnu conftest.cpp -lboost_thread  -lminiupnpc -lminiupnpc -lminiupnpc -lminiupnpc  >&5
configure:11568: $? = 0
configure:11578: result: yes
configure:11738: checking whether the Boost::Chrono library is available
configure:11762: g++ -c -g -O2 -Wall -Wextra -Wformat -Wformat-security -Wno-unused-parameter  -Wstack-protector -fstack-protector-all  -DBOOST_SPIRIT_THREADSAFE -DHAVE_BUILD_INFO -D__STDC_FORMAT_MACROS  -U_FORTIFY_SOURCE -D_FORTIFY_SOURCE=2 -pthread -I/usr/include conftest.cpp >&5
configure:11762: $? = 0
configure:11777: result: yes
configure:11793: checking for exit in -lboost_chrono
configure:11818: g++ -o conftest -g -O2 -Wall -Wextra -Wformat -Wformat-security -Wno-unused-parameter  -Wstack-protector -fstack-protector-all  -DBOOST_SPIRIT_THREADSAFE -DHAVE_BUILD_INFO -D__STDC_FORMAT_MACROS  -U_FORTIFY_SOURCE -D_FORTIFY_SOURCE=2 -pthread -I/usr/include   -Wl,-z,relro -Wl,-z,now -L/usr/lib/x86_64-linux-gnu conftest.cpp -lboost_chrono  -lminiupnpc -lminiupnpc -lminiupnpc -lminiupnpc  >&5
configure:11818: $? = 0
configure:11828: result: yes
configure:12195: g++ -o conftest -g -O2 -Wall -Wextra -Wformat -Wformat-security -Wno-unused-parameter  -Wstack-protector -fstack-protector-all  -DBOOST_SPIRIT_THREADSAFE -DHAVE_BUILD_INFO -D__STDC_FORMAT_MACROS  -U_FORTIFY_SOURCE -D_FORTIFY_SOURCE=2 -pthread -I/usr/include   -Wl,-z,relro -Wl,-z,now conftest.cpp -lminiupnpc -lminiupnpc -lminiupnpc -lminiupnpc  -L/usr/lib/x86_64-linux-gnu -lboost_system -lboost_filesystem -lboost_program_options -lboost_thread -lboost_chrono  >&5
configure:12195: $? = 0
configure:12331: checking for SSL
configure:12338: $PKG_CONFIG --exists --print-errors "libssl"
configure:12341: $? = 0
configure:12355: $PKG_CONFIG --exists --print-errors "libssl"
configure:12358: $? = 0
configure:12396: result: yes
configure:12402: checking for CRYPTO
configure:12409: $PKG_CONFIG --exists --print-errors "libcrypto"
configure:12412: $? = 0
configure:12426: $PKG_CONFIG --exists --print-errors "libcrypto"
configure:12429: $? = 0
configure:12467: result: yes
configure:12476: checking for PROTOBUF
configure:12483: $PKG_CONFIG --exists --print-errors "protobuf"
configure:12486: $? = 0
configure:12500: $PKG_CONFIG --exists --print-errors "protobuf"
configure:12503: $? = 0
configure:12561: result: yes
configure:12576: checking for QR
configure:12583: $PKG_CONFIG --exists --print-errors "libqrencode"
configure:12586: $? = 0
configure:12600: $PKG_CONFIG --exists --print-errors "libqrencode"
configure:12603: $? = 0
configure:12641: result: yes
configure:12940: checking for protoc
configure:12958: found /usr/bin/protoc
configure:12970: result: /usr/bin/protoc
configure:13003: checking whether to build uralsd
configure:13013: result: yes
configure:13016: checking whether to build urals-cli
configure:13026: result: yes
configure:13065: checking for QT
configure:13072: $PKG_CONFIG --exists --print-errors "$qt5_modules"
configure:13075: $? = 0
configure:13089: $PKG_CONFIG --exists --print-errors "$qt5_modules"
configure:13092: $? = 0
configure:13130: result: yes
configure:13381: checking for QT_TEST
configure:13388: $PKG_CONFIG --exists --print-errors "${QT_LIB_PREFIX}Test"
configure:13391: $? = 0
configure:13405: $PKG_CONFIG --exists --print-errors "${QT_LIB_PREFIX}Test"
configure:13408: $? = 0
configure:13446: result: yes
configure:13453: checking for QT_DBUS
configure:13460: $PKG_CONFIG --exists --print-errors "${QT_LIB_PREFIX}DBus"
configure:13463: $? = 0
configure:13477: $PKG_CONFIG --exists --print-errors "${QT_LIB_PREFIX}DBus"
configure:13480: $? = 0
configure:13518: result: yes
configure:14621: checking for moc-qt5
configure:14654: result: no
configure:14621: checking for moc5
configure:14654: result: no
configure:14621: checking for moc
configure:14639: found /usr/lib/x86_64-linux-gnu/qt5/bin/moc
configure:14651: result: /usr/lib/x86_64-linux-gnu/qt5/bin/moc
configure:14739: checking for uic-qt5
configure:14772: result: no
configure:14739: checking for uic5
configure:14772: result: no
configure:14739: checking for uic
configure:14757: found /usr/lib/x86_64-linux-gnu/qt5/bin/uic
configure:14769: result: /usr/lib/x86_64-linux-gnu/qt5/bin/uic
configure:14857: checking for rcc-qt5
configure:14890: result: no
configure:14857: checking for rcc5
configure:14890: result: no
configure:14857: checking for rcc
configure:14875: found /usr/lib/x86_64-linux-gnu/qt5/bin/rcc
configure:14887: result: /usr/lib/x86_64-linux-gnu/qt5/bin/rcc
configure:14975: checking for lrelease-qt5
configure:15008: result: no
configure:14975: checking for lrelease5
configure:15008: result: no
configure:14975: checking for lrelease
configure:14993: found /usr/lib/x86_64-linux-gnu/qt5/bin/lrelease
configure:15005: result: /usr/lib/x86_64-linux-gnu/qt5/bin/lrelease
configure:15093: checking for lupdate-qt5
configure:15126: result: no
configure:15093: checking for lupdate5
configure:15126: result: no
configure:15093: checking for lupdate
configure:15111: found /usr/lib/x86_64-linux-gnu/qt5/bin/lupdate
configure:15123: result: /usr/lib/x86_64-linux-gnu/qt5/bin/lupdate
configure:15307: checking whether to build Urals Core GUI
configure:15337: result: yes (Qt5)
configure:15360: checking if ccache should be used
configure:15373: result: no
configure:15377: checking if wallet should be enabled
configure:15380: result: yes
configure:15393: checking whether to build with support for UPnP
configure:15403: result: yes
configure:15405: checking whether to build with UPnP enabled by default
configure:15413: result: yes
configure:15431: checking whether to build GUI with support for D-Bus
configure:15438: result: yes
configure:15441: checking whether to build GUI with support for QR codes
configure:15451: result: yes
configure:15468: checking whether to build test_urals-qt
configure:15475: result: no
configure:15480: checking whether to build test_urals
configure:15487: result: no
configure:15724: checking that generated files are newer than configure
configure:15730: result: done
configure:15818: creating ./config.status

## ---------------- ##
## Cache variables. ##
## ---------------- ##

ac_cv_build=x86_64-pc-linux-gnu
ac_cv_c_bigendian=no
ac_cv_c_compiler_gnu=yes
ac_cv_cxx_compiler_gnu=yes
ac_cv_env_CCC_set=
ac_cv_env_CCC_value=
ac_cv_env_CC_set=
ac_cv_env_CC_value=
ac_cv_env_CFLAGS_set=
ac_cv_env_CFLAGS_value=
ac_cv_env_CPPFLAGS_set=
ac_cv_env_CPPFLAGS_value=
ac_cv_env_CPP_set=
ac_cv_env_CPP_value=
ac_cv_env_CRYPTO_CFLAGS_set=
ac_cv_env_CRYPTO_CFLAGS_value=
ac_cv_env_CRYPTO_LIBS_set=
ac_cv_env_CRYPTO_LIBS_value=
ac_cv_env_CXXCPP_set=
ac_cv_env_CXXCPP_value=
ac_cv_env_CXXFLAGS_set=
ac_cv_env_CXXFLAGS_value=
ac_cv_env_CXX_set=
ac_cv_env_CXX_value=
ac_cv_env_LDFLAGS_set=
ac_cv_env_LDFLAGS_value=
ac_cv_env_LIBS_set=
ac_cv_env_LIBS_value=
ac_cv_env_OBJCFLAGS_set=
ac_cv_env_OBJCFLAGS_value=
ac_cv_env_OBJCXXFLAGS_set=
ac_cv_env_OBJCXXFLAGS_value=
ac_cv_env_OBJCXX_set=
ac_cv_env_OBJCXX_value=
ac_cv_env_OBJC_set=
ac_cv_env_OBJC_value=
ac_cv_env_PKG_CONFIG_LIBDIR_set=
ac_cv_env_PKG_CONFIG_LIBDIR_value=
ac_cv_env_PKG_CONFIG_PATH_set=
ac_cv_env_PKG_CONFIG_PATH_value=
ac_cv_env_PKG_CONFIG_set=
ac_cv_env_PKG_CONFIG_value=
ac_cv_env_PROTOBUF_CFLAGS_set=
ac_cv_env_PROTOBUF_CFLAGS_value=
ac_cv_env_PROTOBUF_LIBS_set=
ac_cv_env_PROTOBUF_LIBS_value=
ac_cv_env_QR_CFLAGS_set=
ac_cv_env_QR_CFLAGS_value=
ac_cv_env_QR_LIBS_set=
ac_cv_env_QR_LIBS_value=
ac_cv_env_QT_CFLAGS_set=
ac_cv_env_QT_CFLAGS_value=
ac_cv_env_QT_DBUS_CFLAGS_set=
ac_cv_env_QT_DBUS_CFLAGS_value=
ac_cv_env_QT_DBUS_LIBS_set=
ac_cv_env_QT_DBUS_LIBS_value=
ac_cv_env_QT_LIBS_set=
ac_cv_env_QT_LIBS_value=
ac_cv_env_QT_TEST_CFLAGS_set=
ac_cv_env_QT_TEST_CFLAGS_value=
ac_cv_env_QT_TEST_LIBS_set=
ac_cv_env_QT_TEST_LIBS_value=
ac_cv_env_SSL_CFLAGS_set=
ac_cv_env_SSL_CFLAGS_value=
ac_cv_env_SSL_LIBS_set=
ac_cv_env_SSL_LIBS_value=
ac_cv_env_build_alias_set=
ac_cv_env_build_alias_value=
ac_cv_env_host_alias_set=
ac_cv_env_host_alias_value=
ac_cv_env_target_alias_set=
ac_cv_env_target_alias_value=
ac_cv_func_strerror_r=yes
ac_cv_func_strerror_r_char_p=yes
ac_cv_have_decl_strerror_r=yes
ac_cv_header_inttypes_h=yes
ac_cv_header_memory_h=yes
ac_cv_header_miniupnpc_miniupnpc_h=yes
ac_cv_header_miniupnpc_miniwget_h=yes
ac_cv_header_miniupnpc_upnpcommands_h=yes
ac_cv_header_miniupnpc_upnperrors_h=yes
ac_cv_header_stdc=yes
ac_cv_header_stdint_h=yes
ac_cv_header_stdio_h=yes
ac_cv_header_stdlib_h=yes
ac_cv_header_string_h=yes
ac_cv_header_strings_h=yes
ac_cv_header_sys_stat_h=yes
ac_cv_header_sys_types_h=yes
ac_cv_header_unistd_h=yes
ac_cv_host=x86_64-pc-linux-gnu
ac_cv_lib_boost_chrono___exit=yes
ac_cv_lib_boost_filesystem___exit=yes
ac_cv_lib_boost_program_options___exit=yes
ac_cv_lib_boost_system___exit=yes
ac_cv_lib_boost_thread___exit=yes
ac_cv_lib_db_cxx_4_8___main=yes
ac_cv_lib_miniupnpc_main=yes
ac_cv_objc_compiler_gnu=no
ac_cv_objcxx_compiler_gnu=no
ac_cv_objext=o
ac_cv_path_EGREP='/bin/grep -E'
ac_cv_path_GIT=/usr/bin/git
ac_cv_path_GREP=/bin/grep
ac_cv_path_HEXDUMP=/usr/bin/hexdump
ac_cv_path_JAVA=/usr/bin/java
ac_cv_path_LRELEASE=/usr/lib/x86_64-linux-gnu/qt5/bin/lrelease
ac_cv_path_LUPDATE=/usr/lib/x86_64-linux-gnu/qt5/bin/lupdate
ac_cv_path_MOC=/usr/lib/x86_64-linux-gnu/qt5/bin/moc
ac_cv_path_PROTOC=/usr/bin/protoc
ac_cv_path_RCC=/usr/lib/x86_64-linux-gnu/qt5/bin/rcc
ac_cv_path_SED=/bin/sed
ac_cv_path_UIC=/usr/lib/x86_64-linux-gnu/qt5/bin/uic
ac_cv_path_XGETTEXT=/usr/bin/xgettext
ac_cv_path_ac_pt_AR=/usr/bin/ar
ac_cv_path_ac_pt_GCOV=/usr/bin/gcov
ac_cv_path_ac_pt_PKG_CONFIG=/usr/bin/pkg-config
ac_cv_path_ac_pt_RANLIB=/usr/bin/ranlib
ac_cv_path_ac_pt_STRIP=/usr/bin/strip
ac_cv_path_install='/usr/bin/install -c'
ac_cv_path_mkdir=/bin/mkdir
ac_cv_prog_AWK=mawk
ac_cv_prog_CPP='gcc -E'
ac_cv_prog_CXXCPP='g++ -E'
ac_cv_prog_ac_ct_CC=gcc
ac_cv_prog_ac_ct_CXX=g++
ac_cv_prog_ac_ct_OBJC=gcc
ac_cv_prog_ac_ct_OBJCXX=g++
ac_cv_prog_cc_c89=
ac_cv_prog_cc_g=yes
ac_cv_prog_cxx_g=yes
ac_cv_prog_make_make_set=yes
ac_cv_prog_objc_g=no
ac_cv_prog_objcxx_g=no
ac_cv_sys_file_offset_bits=no
ac_cv_sys_largefile_CC=no
am_cv_CC_dependencies_compiler_type=gcc3
am_cv_CXX_dependencies_compiler_type=gcc3
am_cv_OBJCXX_dependencies_compiler_type=gcc3
am_cv_OBJC_dependencies_compiler_type=gcc3
am_cv_make_support_nested_variables=yes
am_cv_prog_cc_c_o=yes
ax_cv_PTHREAD_PRIO_INHERIT=yes
ax_cv_boost_chrono=yes
ax_cv_boost_filesystem=yes
ax_cv_boost_program_options=yes
ax_cv_boost_system=yes
ax_cv_boost_thread=yes
ax_cv_check_cxxcppflags___D_FORTIFY_SOURCE_2=yes
ax_cv_check_cxxcppflags___U_FORTIFY_SOURCE=yes
ax_cv_check_cxxflags___Wstack_protector=yes
ax_cv_check_cxxflags___fstack_protector_all=yes
ax_cv_check_ldflags___Wl___dynamicbase=no
ax_cv_check_ldflags___Wl___large_address_aware=no
ax_cv_check_ldflags___Wl___nxcompat=no
ax_cv_check_ldflags___Wl__z_now=yes
ax_cv_check_ldflags___Wl__z_relro=yes
pkg_cv_CRYPTO_CFLAGS=
pkg_cv_CRYPTO_LIBS=-lcrypto
pkg_cv_PROTOBUF_CFLAGS=-pthread
pkg_cv_PROTOBUF_LIBS='-lprotobuf -pthread -lpthread'
pkg_cv_QR_CFLAGS=
pkg_cv_QR_LIBS=-lqrencode
pkg_cv_QT_CFLAGS='-I/usr/include/x86_64-linux-gnu/qt5/QtNetwork -I/usr/include/x86_64-linux-gnu/qt5 -I/usr/include/x86_64-linux-gnu/qt5/QtPrintSupport -I/usr/include/x86_64-linux-gnu/qt5 -I/usr/include/x86_64-linux-gnu/qt5/QtWidgets -I/usr/include/x86_64-linux-gnu/qt5 -I/usr/include/x86_64-linux-gnu/qt5/QtGui -I/usr/include/x86_64-linux-gnu/qt5 -I/usr/include/x86_64-linux-gnu/qt5/QtCore -I/usr/include/x86_64-linux-gnu/qt5'
pkg_cv_QT_DBUS_CFLAGS='-I/usr/include/x86_64-linux-gnu/qt5/QtDBus -I/usr/include/x86_64-linux-gnu/qt5 -I/usr/include/x86_64-linux-gnu/qt5/QtCore -I/usr/include/x86_64-linux-gnu/qt5'
pkg_cv_QT_DBUS_LIBS='-lQt5DBus -lQt5Core'
pkg_cv_QT_LIBS='-lQt5Network -lQt5PrintSupport -lQt5Widgets -lQt5Gui -lQt5Core'
pkg_cv_QT_TEST_CFLAGS='-I/usr/include/x86_64-linux-gnu/qt5/QtTest -I/usr/include/x86_64-linux-gnu/qt5 -I/usr/include/x86_64-linux-gnu/qt5/QtCore -I/usr/include/x86_64-linux-gnu/qt5'
pkg_cv_QT_TEST_LIBS='-lQt5Test -lQt5Core'
pkg_cv_SSL_CFLAGS=
pkg_cv_SSL_LIBS=-lssl

## ----------------- ##
## Output variables. ##
## ----------------- ##

ACLOCAL='${SHELL} /home/wizard/UralsCoin/src/build-aux/missing aclocal-1.15'
AMDEPBACKSLASH='\'
AMDEP_FALSE='#'
AMDEP_TRUE=''
AMTAR='$${TAR-tar}'
AM_BACKSLASH='\'
AM_DEFAULT_V='$(AM_DEFAULT_VERBOSITY)'
AM_DEFAULT_VERBOSITY='0'
AM_V='$(V)'
AR='/usr/bin/ar'
AUTOCONF='${SHELL} /home/wizard/UralsCoin/src/build-aux/missing autoconf'
AUTOHEADER='${SHELL} /home/wizard/UralsCoin/src/build-aux/missing autoheader'
AUTOMAKE='${SHELL} /home/wizard/UralsCoin/src/build-aux/missing automake-1.15'
AWK='mawk'
BDB_CPPFLAGS=''
BDB_LIBS='-ldb_cxx-4.8'
BOOST_CHRONO_LIB='-lboost_chrono '
BOOST_CPPFLAGS='-pthread -I/usr/include'
BOOST_FILESYSTEM_LIB='-lboost_filesystem'
BOOST_LDFLAGS='-L/usr/lib/x86_64-linux-gnu'
BOOST_LIBS='-L/usr/lib/x86_64-linux-gnu -lboost_system -lboost_filesystem -lboost_program_options -lboost_thread -lboost_chrono '
BOOST_PROGRAM_OPTIONS_LIB='-lboost_program_options'
BOOST_SYSTEM_LIB='-lboost_system'
BOOST_THREAD_LIB='-lboost_thread'
BOOST_UNIT_TEST_FRAMEWORK_LIB=''
BREW=''
BUILD_BITCOIND_FALSE='#'
BUILD_BITCOIND_TRUE=''
BUILD_BITCOIN_CLI_FALSE='#'
BUILD_BITCOIN_CLI_TRUE=''
BUILD_DARWIN_FALSE=''
BUILD_DARWIN_TRUE='#'
BUILD_QT='qt'
BUILD_TEST=''
BUILD_TEST_QT=''
CC='gcc'
CCACHE=''
CCDEPMODE='depmode=gcc3'
CFLAGS='-g -O2'
CLIENT_VERSION_BUILD='4'
CLIENT_VERSION_IS_RELEASE='true'
CLIENT_VERSION_MAJOR='1'
CLIENT_VERSION_MINOR='0'
CLIENT_VERSION_REVISION='0'
COMPARISON_TOOL_REORG_TESTS='0'
COPYRIGHT_YEAR='2017'
CPP='gcc -E'
CPPFLAGS=' -DBOOST_SPIRIT_THREADSAFE -DHAVE_BUILD_INFO -D__STDC_FORMAT_MACROS  -U_FORTIFY_SOURCE -D_FORTIFY_SOURCE=2'
CRYPTO_CFLAGS=''
CRYPTO_LIBS='-lcrypto'
CXX='g++'
CXXCPP='g++ -E'
CXXDEPMODE='depmode=gcc3'
CXXFLAGS='-g -O2 -Wall -Wextra -Wformat -Wformat-security -Wno-unused-parameter  -Wstack-protector -fstack-protector-all'
CYGPATH_W='echo'
DEFS='-DHAVE_CONFIG_H'
DEPDIR='.deps'
ECHO_C=''
ECHO_N='-n'
ECHO_T=''
EGREP='/bin/grep -E'
EMBEDDED_LEVELDB_FALSE='#'
EMBEDDED_LEVELDB_TRUE=''
ENABLE_WALLET_FALSE='#'
ENABLE_WALLET_TRUE=''
EXEEXT=''
GCOV='/usr/bin/gcov'
GENHTML=''
GENISOIMAGE=''
GIT='/usr/bin/git'
GLIBC_BACK_COMPAT_FALSE=''
GLIBC_BACK_COMPAT_TRUE='#'
GREP='/bin/grep'
HEXDUMP='/usr/bin/hexdump'
INCLUDES=' -pthread  '
INSTALLNAMETOOL=''
INSTALL_DATA='${INSTALL} -m 644'
INSTALL_PROGRAM='${INSTALL}'
INSTALL_SCRIPT='${INSTALL}'
INSTALL_STRIP_PROGRAM='$(install_sh) -c -s'
JAVA='/usr/bin/java'
JAVA_COMPARISON_TOOL=''
LCOV=''
LDFLAGS='  -Wl,-z,relro -Wl,-z,now'
LEVELDB_CPPFLAGS=''
LEVELDB_TARGET_FLAGS=''
LIBLEVELDB=''
LIBMEMENV=''
LIBOBJS=''
LIBS='-lminiupnpc -lminiupnpc -lminiupnpc -lminiupnpc  -lssl -lcrypto'
LN_S='ln -s'
LRELEASE='/usr/lib/x86_64-linux-gnu/qt5/bin/lrelease'
LTLIBOBJS=''
LUPDATE='/usr/lib/x86_64-linux-gnu/qt5/bin/lupdate'
MAINT=''
MAINTAINER_MODE_FALSE='#'
MAINTAINER_MODE_TRUE=''
MAKEINFO='${SHELL} /home/wizard/UralsCoin/src/build-aux/missing makeinfo'
MAKENSIS=''
MKDIR_P='/bin/mkdir -p'
MOC='/usr/lib/x86_64-linux-gnu/qt5/bin/moc'
MOC_DEFS='-DHAVE_CONFIG_H -I$(top_srcdir)/src'
OBJC='gcc'
OBJCDEPMODE='depmode=gcc3'
OBJCFLAGS=''
OBJCXX='g++'
OBJCXXDEPMODE='depmode=gcc3'
OBJCXXFLAGS='-g -O2 -Wall -Wextra -Wformat -Wformat-security -Wno-unused-parameter  -Wstack-protector -fstack-protector-all'
OBJEXT='o'
OTOOL=''
PACKAGE='urals'
PACKAGE_BUGREPORT='info@urals.info'
PACKAGE_NAME='Urals Core'
PACKAGE_STRING='Urals Core 1.0.0'
PACKAGE_TARNAME='urals'
PACKAGE_URL=''
PACKAGE_VERSION='1.0.0'
PATH_SEPARATOR=':'
PKG_CONFIG='/usr/bin/pkg-config'
PKG_CONFIG_LIBDIR=''
PKG_CONFIG_PATH=''
PORT=''
PROTOBUF_CFLAGS='-pthread'
PROTOBUF_LIBS='-lprotobuf -pthread -lpthread'
PROTOC='/usr/bin/protoc'
PTHREAD_CC='gcc'
PTHREAD_CFLAGS='-pthread'
PTHREAD_LIBS=''
QR_CFLAGS=''
QR_LIBS='-lqrencode'
QT_CFLAGS='-I/usr/include/x86_64-linux-gnu/qt5/QtNetwork -I/usr/include/x86_64-linux-gnu/qt5 -I/usr/include/x86_64-linux-gnu/qt5/QtPrintSupport -I/usr/include/x86_64-linux-gnu/qt5 -I/usr/include/x86_64-linux-gnu/qt5/QtWidgets -I/usr/include/x86_64-linux-gnu/qt5 -I/usr/include/x86_64-linux-gnu/qt5/QtGui -I/usr/include/x86_64-linux-gnu/qt5 -I/usr/include/x86_64-linux-gnu/qt5/QtCore -I/usr/include/x86_64-linux-gnu/qt5'
QT_DBUS_CFLAGS='-I/usr/include/x86_64-linux-gnu/qt5/QtDBus -I/usr/include/x86_64-linux-gnu/qt5 -I/usr/include/x86_64-linux-gnu/qt5/QtCore -I/usr/include/x86_64-linux-gnu/qt5'
QT_DBUS_INCLUDES='-I/usr/include/x86_64-linux-gnu/qt5/QtDBus -I/usr/include/x86_64-linux-gnu/qt5 -I/usr/include/x86_64-linux-gnu/qt5/QtCore -I/usr/include/x86_64-linux-gnu/qt5'
QT_DBUS_LIBS='-lQt5DBus -lQt5Core'
QT_INCLUDES='-I/usr/include/x86_64-linux-gnu/qt5/QtNetwork -I/usr/include/x86_64-linux-gnu/qt5 -I/usr/include/x86_64-linux-gnu/qt5/QtPrintSupport -I/usr/include/x86_64-linux-gnu/qt5 -I/usr/include/x86_64-linux-gnu/qt5/QtWidgets -I/usr/include/x86_64-linux-gnu/qt5 -I/usr/include/x86_64-linux-gnu/qt5/QtGui -I/usr/include/x86_64-linux-gnu/qt5 -I/usr/include/x86_64-linux-gnu/qt5/QtCore -I/usr/include/x86_64-linux-gnu/qt5'
QT_LDFLAGS=''
QT_LIBS='-lQt5Network -lQt5PrintSupport -lQt5Widgets -lQt5Gui -lQt5Core'
QT_SELECT='qt5'
QT_TEST_CFLAGS='-I/usr/include/x86_64-linux-gnu/qt5/QtTest -I/usr/include/x86_64-linux-gnu/qt5 -I/usr/include/x86_64-linux-gnu/qt5/QtCore -I/usr/include/x86_64-linux-gnu/qt5'
QT_TEST_INCLUDES='-I/usr/include/x86_64-linux-gnu/qt5/QtTest -I/usr/include/x86_64-linux-gnu/qt5 -I/usr/include/x86_64-linux-gnu/qt5/QtCore -I/usr/include/x86_64-linux-gnu/qt5'
QT_TEST_LIBS='-lQt5Test -lQt5Core'
RANLIB='/usr/bin/ranlib'
RCC='/usr/lib/x86_64-linux-gnu/qt5/bin/rcc'
SED='/bin/sed'
SET_MAKE=''
SHELL='/bin/bash'
SSL_CFLAGS=''
SSL_LIBS='-lssl'
STRIP='/usr/bin/strip'
TARGET_DARWIN_FALSE=''
TARGET_DARWIN_TRUE='#'
TARGET_WINDOWS_FALSE=''
TARGET_WINDOWS_TRUE='#'
TESTDEFS=''
UIC='/usr/lib/x86_64-linux-gnu/qt5/bin/uic'
USE_COMPARISON_TOOL_FALSE=''
USE_COMPARISON_TOOL_REORG_TESTS_FALSE='#'
USE_COMPARISON_TOOL_REORG_TESTS_TRUE=''
USE_COMPARISON_TOOL_TRUE='#'
USE_LCOV_FALSE=''
USE_LCOV_TRUE='#'
USE_QRCODE=''
USE_QRCODE_FALSE='#'
USE_QRCODE_TRUE=''
USE_UPNP=''
VERSION='1.0.0'
WINDOWS_BITS=''
WINDRES=''
XGETTEXT='/usr/bin/xgettext'
ac_ct_CC='gcc'
ac_ct_CXX='g++'
ac_ct_OBJC='gcc'
ac_ct_OBJCXX='g++'
am__EXEEXT_FALSE=''
am__EXEEXT_TRUE='#'
am__fastdepCC_FALSE='#'
am__fastdepCC_TRUE=''
am__fastdepCXX_FALSE='#'
am__fastdepCXX_TRUE=''
am__fastdepOBJCXX_FALSE='#'
am__fastdepOBJCXX_TRUE=''
am__fastdepOBJC_FALSE='#'
am__fastdepOBJC_TRUE=''
am__include='include'
am__isrc=''
am__leading_dot='.'
am__nodep='_no'
am__quote=''
am__tar='$${TAR-tar} chof - "$$tardir"'
am__untar='$${TAR-tar} xf -'
ax_pthread_config=''
bindir='${exec_prefix}/bin'
build='x86_64-pc-linux-gnu'
build_alias=''
build_cpu='x86_64'
build_os='linux-gnu'
build_vendor='pc'
datadir='${datarootdir}'
datarootdir='${prefix}/share'
docdir='${datarootdir}/doc/${PACKAGE_TARNAME}'
dvidir='${docdir}'
exec_prefix='${prefix}'
host='x86_64-pc-linux-gnu'
host_alias=''
host_cpu='x86_64'
host_os='linux-gnu'
host_vendor='pc'
htmldir='${docdir}'
includedir='${prefix}/include'
infodir='${datarootdir}/info'
install_sh='${SHELL} /home/wizard/UralsCoin/src/build-aux/install-sh'
libdir='${exec_prefix}/lib'
libexecdir='${exec_prefix}/libexec'
localedir='${datarootdir}/locale'
localstatedir='${prefix}/var'
mandir='${datarootdir}/man'
mkdir_p='$(MKDIR_P)'
oldincludedir='/usr/include'
pdfdir='${docdir}'
prefix='/usr/local'
program_transform_name='s,x,x,'
psdir='${docdir}'
runstatedir='${localstatedir}/run'
sbindir='${exec_prefix}/sbin'
sharedstatedir='${prefix}/com'
sysconfdir='${prefix}/etc'
target_alias=''

## ----------- ##
## confdefs.h. ##
## ----------- ##

/* confdefs.h */
#define PACKAGE_NAME "Urals Core"
#define PACKAGE_TARNAME "urals"
#define PACKAGE_VERSION "1.0.0"
#define PACKAGE_STRING "Urals Core 1.0.0"
#define PACKAGE_BUGREPORT "info@urals.info"
#define PACKAGE_URL ""
#define STDC_HEADERS 1
#define HAVE_SYS_TYPES_H 1
#define HAVE_SYS_STAT_H 1
#define HAVE_STDLIB_H 1
#define HAVE_STRING_H 1
#define HAVE_MEMORY_H 1
#define HAVE_STRINGS_H 1
#define HAVE_INTTYPES_H 1
#define HAVE_STDINT_H 1
#define HAVE_UNISTD_H 1
#define HAVE_PTHREAD_PRIO_INHERIT 1
#define HAVE_PTHREAD 1
#define HAVE_DECL_STRERROR_R 1
#define HAVE_STRERROR_R 1
#define STRERROR_R_CHAR_P 1
#define HAVE_STDIO_H 1
#define HAVE_STDLIB_H 1
#define HAVE_UNISTD_H 1
#define HAVE_STRINGS_H 1
#define HAVE_SYS_TYPES_H 1
#define HAVE_SYS_STAT_H 1
#define HAVE_MSG_NOSIGNAL 1
#define HAVE_MINIUPNPC_MINIWGET_H 1
#define HAVE_LIBMINIUPNPC 1
#define HAVE_MINIUPNPC_MINIUPNPC_H 1
#define HAVE_LIBMINIUPNPC 1
#define HAVE_MINIUPNPC_UPNPCOMMANDS_H 1
#define HAVE_LIBMINIUPNPC 1
#define HAVE_MINIUPNPC_UPNPERRORS_H 1
#define HAVE_LIBMINIUPNPC 1
#define HAVE_BOOST /**/
#define HAVE_BOOST_SYSTEM /**/
#define HAVE_BOOST_FILESYSTEM /**/
#define HAVE_BOOST_PROGRAM_OPTIONS /**/
#define HAVE_BOOST_THREAD /**/
#define HAVE_BOOST_CHRONO /**/
#define HAVE_WORKING_BOOST_SLEEP_FOR 1
#define ENABLE_WALLET 1
#define USE_UPNP 1
#define USE_DBUS 1
#define USE_QRCODE 1
#define CLIENT_VERSION_MAJOR 1
#define CLIENT_VERSION_MINOR 0
#define CLIENT_VERSION_REVISION 0
#define CLIENT_VERSION_BUILD 4
#define CLIENT_VERSION_IS_RELEASE true
#define COPYRIGHT_YEAR 2017

configure: exit 0

## ---------------------- ##
## Running config.status. ##
## ---------------------- ##

This file was extended by Urals Core config.status 1.0.0, which was
generated by GNU Autoconf 2.69.  Invocation command line was

  CONFIG_FILES    = 
  CONFIG_HEADERS  = 
  CONFIG_LINKS    = 
  CONFIG_COMMANDS = 
  $ ./config.status 

on matrix

config.status:1041: creating Makefile
config.status:1041: creating src/Makefile
config.status:1041: creating src/test/Makefile
config.status:1041: creating src/qt/Makefile
config.status:1041: creating src/qt/test/Makefile
config.status:1041: creating share/setup.nsi
config.status:1041: creating share/qt/Info.plist
config.status:1041: creating qa/pull-tester/run-bitcoind-for-test.sh
config.status:1041: creating qa/pull-tester/build-tests.sh
config.status:1041: creating src/urals-config.h
config.status:1270: executing depfiles commands

## ---------------------- ##
## Running config.status. ##
## ---------------------- ##

This file was extended by Urals Core config.status 1.0.0, which was
generated by GNU Autoconf 2.69.  Invocation command line was

  CONFIG_FILES    = 
  CONFIG_HEADERS  = 
  CONFIG_LINKS    = 
  CONFIG_COMMANDS = 
  $ ./config.status src/urals-config.h

on matrix

config.status:1041: creating src/urals-config.h
config.status:1222: src/urals-config.h is unchanged
